<?xml version="1.0" encoding="UTF-8"?>
<!-- Generated by org.testng.reporters.JUnitXMLReporter -->
<testsuite ignored="9" hostname="Arunkumar" failures="0" tests="11" name="APITest" time="5.553" errors="0" timestamp="2024-08-17T22:31:38 IST">
  <testcase classname="com.spotify.api.tests.ArtistTests" name="getArtistTest" time="3.407"/>
  <testcase classname="com.spotify.api.tests.PlaylistTests" name="addTracksToPlaylistTest" time="3.431"/>
  <testcase classname="com.spotify.api.tests.ArtistTests" name="getArtistTest" time="0.266"/>
  <testcase classname="com.spotify.api.tests.PlaylistTests" name="addTracksToPlaylistTest" time="0.288"/>
  <testcase classname="com.spotify.api.tests.ArtistTests" name="getArtistTest" time="0.224"/>
  <testcase classname="com.spotify.api.tests.PlaylistTests" name="addTracksToPlaylistTest" time="0.306"/>
  <testcase classname="com.spotify.api.tests.ArtistTests" name="getMultipleArtistsTest" time="0.241"/>
  <testcase classname="com.spotify.api.tests.PlaylistTests" name="changePlaylistDetailsTest" time="0.242"/>
  <testcase classname="com.spotify.api.tests.PlaylistTests" name="removeTracksFromPlaylistTest" time="0.294"/>
  <testcase classname="com.spotify.api.tests.PlaylistTests" name="removeTracksFromPlaylistTest" time="0.273"/>
  <testcase classname="com.spotify.api.tests.PlaylistTests" name="removeTracksFromPlaylistTest" time="0.314"/>
  <testcase classname="com.spotify.web.tests.SearchTests" name="verifyPlaylistIsDisplayedInSearchResults_WhenPlaylistIsSearched" time="0.0">
    <ignored/>
  </testcase> <!-- verifyPlaylistIsDisplayedInSearchResults_WhenPlaylistIsSearched -->
  <testcase classname="com.spotify.web.tests.LibraryTests" name="createNewPlaylistInLibraryTest" time="0.0">
    <ignored/>
  </testcase> <!-- createNewPlaylistInLibraryTest -->
  <testcase classname="com.spotify.web.tests.LibraryTests" name="deletePlaylistInLibraryTest" time="0.0">
    <ignored/>
  </testcase> <!-- deletePlaylistInLibraryTest -->
  <testcase classname="com.spotify.web.tests.SearchTests" name="verifyAlbumIsDisplayedInSearchResults_WhenAlbumIsSearched" time="0.0">
    <ignored/>
  </testcase> <!-- verifyAlbumIsDisplayedInSearchResults_WhenAlbumIsSearched -->
  <testcase classname="com.spotify.web.tests.LibraryTests" name="changePlaylistNameinLibraryTest" time="0.0">
    <ignored/>
  </testcase> <!-- changePlaylistNameinLibraryTest -->
  <testcase classname="com.spotify.web.tests.SearchTests" name="verifyArtistIsDisplayedInSearchResults_WhenArtistIsSearched" time="0.0">
    <ignored/>
  </testcase> <!-- verifyArtistIsDisplayedInSearchResults_WhenArtistIsSearched -->
  <testcase classname="com.spotify.web.tests.AlbumTests" name="removeAlbumFromLibraryTest" time="0.0">
    <ignored/>
  </testcase> <!-- removeAlbumFromLibraryTest -->
  <testcase classname="com.spotify.web.tests.SearchTests" name="verifyTrackIsDisplayedInSearchResults_WhenTrackIsSearched" time="0.0">
    <ignored/>
  </testcase> <!-- verifyTrackIsDisplayedInSearchResults_WhenTrackIsSearched -->
  <testcase classname="com.spotify.web.tests.AlbumTests" name="addAlbumToLibraryTest" time="0.0">
    <ignored/>
  </testcase> <!-- addAlbumToLibraryTest -->
</testsuite> <!-- APITest -->
