<?xml version="1.0" encoding="UTF-8"?>
<!-- Generated by org.testng.reporters.JUnitXMLReporter -->
<testsuite ignored="0" hostname="Arunkumar" failures="1" tests="7" name="Surefire test" time="91.133" errors="0" timestamp="2024-07-19T02:09:06 IST">
  <testcase classname="com.spotify.web.tests.PlaylistTests" name="createNewPlaylistTest" time="2.58"/>
  <testcase classname="com.spotify.web.tests.PlaylistTests" name="editPlaylistName" time="1.511"/>
  <testcase classname="com.spotify.web.tests.PlaylistTests" name="AssertIfPlaylistPresent" time="1.404">
    <failure type="java.lang.AssertionError" message="expected [true] but found [false]">
      <![CDATA[java.lang.AssertionError: expected [true] but found [false]
at com.spotify.web.tests.PlaylistTests.AssertIfPlaylistPresent(PlaylistTests.java:50)
at java.base/java.util.ArrayList.forEach(ArrayList.java:1511)
... Removed 36 stack frames]]>
    </failure>
  </testcase> <!-- AssertIfPlaylistPresent -->
  <testcase classname="com.spotify.web.tests.PlaylistTests" name="deletePlaylistTest" time="1.329"/>
  <testcase classname="com.spotify.web.tests.SearchTests" name="searchPlaylistInResultsTest" time="4.717"/>
  <testcase classname="com.spotify.web.tests.SearchTests" name="searchedSongInResultsTest" time="5.635"/>
  <testcase classname="com.spotify.web.tests.SearchTests" name="searchedSongInResultsTest" time="5.77"/>
</testsuite> <!-- Surefire test -->
