<?xml version="1.0" encoding="UTF-8"?>
<!-- Generated by org.testng.reporters.JUnitXMLReporter -->
<testsuite ignored="3" hostname="Arunkumar" failures="0" tests="2" name="Default test" time="26.091" errors="0" timestamp="2024-08-04T22:41:07 IST">
  <testcase classname="com.spotify.web.tests.SearchTests" name="verifyTrackIsDisplayedInSearchResults_WhenTrackIsSearched" time="10.943"/>
  <testcase classname="com.spotify.web.tests.SearchTests" name="verifyTrackIsDisplayedInSearchResults_WhenTrackIsSearched" time="11.978"/>
  <testcase classname="com.spotify.web.tests.SearchTests" name="verifyPlaylistIsDisplayedInSearchResults_WhenPlaylistIsSearched" time="0.0">
    <ignored/>
  </testcase> <!-- verifyPlaylistIsDisplayedInSearchResults_WhenPlaylistIsSearched -->
  <testcase classname="com.spotify.web.tests.SearchTests" name="verifyArtistIsDisplayedInSearchResults_WhenArtistIsSearched" time="0.0">
    <ignored/>
  </testcase> <!-- verifyArtistIsDisplayedInSearchResults_WhenArtistIsSearched -->
  <testcase classname="com.spotify.web.tests.SearchTests" name="verifyAlbumIsDisplayedInSearchResults_WhenAlbumIsSearched" time="0.0">
    <ignored/>
  </testcase> <!-- verifyAlbumIsDisplayedInSearchResults_WhenAlbumIsSearched -->
</testsuite> <!-- Default test -->
