<?xml version="1.0" encoding="UTF-8"?>
<!-- Generated by org.testng.reporters.JUnitXMLReporter -->
<testsuite ignored="0" hostname="Arunkumar" failures="0" tests="12" name="Test" time="62.829" errors="0" timestamp="2024-07-20T02:41:40 IST">
  <testcase classname="com.spotify.web.tests.GoogleTests" name="Test1" time="2.116"/>
  <testcase classname="com.spotify.web.tests.GoogleTests" name="Test2" time="2.416"/>
  <testcase classname="com.spotify.web.tests.GoogleTests" name="Test3" time="3.042"/>
  <testcase classname="com.spotify.web.tests.SearchTests" name="searchPlaylistInResultsTest" time="12.425"/>
  <testcase classname="com.spotify.web.tests.PlaylistTests" name="createNewPlaylistTest" time="3.342"/>
  <testcase classname="com.spotify.web.tests.GoogleTests" name="Test4" time="3.396"/>
  <testcase classname="com.spotify.web.tests.SearchTests" name="searchPlaylistInResultsTest" time="11.528"/>
  <testcase classname="com.spotify.web.tests.PlaylistTests" name="editPlaylistName" time="2.196"/>
  <testcase classname="com.spotify.web.tests.SearchTests" name="searchedSongInResultsTest" time="8.388"/>
  <testcase classname="com.spotify.web.tests.PlaylistTests" name="deletePlaylistTest" time="3.216"/>
  <testcase classname="com.spotify.web.tests.SearchTests" name="searchedSongInResultsTest" time="12.936"/>
  <testcase classname="com.spotify.web.tests.PlaylistTests" name="deletePlaylistTest" time="2.465"/>
</testsuite> <!-- Test -->
