<?xml version="1.0" encoding="UTF-8"?>
<!-- Generated by org.testng.reporters.JUnitXMLReporter -->
<testsuite ignored="0" hostname="Arunkumar" failures="0" tests="14" name="Test" time="97.017" errors="0" timestamp="2024-07-20T23:46:04 IST">
  <testcase classname="com.spotify.web.tests.SearchTests" name="searchedAlbumnInResultsTest" time="9.669"/>
  <testcase classname="com.spotify.web.tests.SearchTests" name="searchedAlbumnInResultsTest" time="9.088"/>
  <testcase classname="com.spotify.web.tests.LibraryTests" name="changePlaylistNameinLibraryTest" time="13.694"/>
  <testcase classname="com.spotify.web.tests.AlbumTests" name="RemoveAlbumFromLibraryTest" time="17.265"/>
  <testcase classname="com.spotify.web.tests.SearchTests" name="searchedAlbumnInResultsTest" time="8.528"/>
  <testcase classname="com.spotify.web.tests.LibraryTests" name="createNewPlaylistInLibraryTest" time="4.047"/>
  <testcase classname="com.spotify.web.tests.SearchTests" name="searchedArtistInResultsTest" time="8.29"/>
  <testcase classname="com.spotify.web.tests.AlbumTests" name="addAlbumToLibraryTest" time="15.8"/>
  <testcase classname="com.spotify.web.tests.SearchTests" name="searchedArtistInResultsTest" time="8.599"/>
  <testcase classname="com.spotify.web.tests.LibraryTests" name="deletePlaylistInLibraryTest" time="10.522"/>
  <testcase classname="com.spotify.web.tests.SearchTests" name="searchedPlaylistsInResultsTest" time="8.669"/>
  <testcase classname="com.spotify.web.tests.SearchTests" name="searchedPlaylistsInResultsTest" time="9.254"/>
  <testcase classname="com.spotify.web.tests.SearchTests" name="searchedTrackInResultsTest" time="9.533"/>
  <testcase classname="com.spotify.web.tests.SearchTests" name="searchedTrackInResultsTest" time="8.373"/>
</testsuite> <!-- Test -->
