<?xml version="1.0" encoding="UTF-8"?>
<!-- Generated by org.testng.reporters.JUnitXMLReporter -->
<testsuite ignored="0" hostname="Arunkumar" failures="0" tests="11" name="ApiTest" time="5.386" errors="0" timestamp="2024-08-17T21:28:49 IST">
  <testcase classname="com.spotify.api.tests.ArtistTests" name="getArtistTest" time="3.572"/>
  <testcase classname="com.spotify.api.tests.PlaylistTests" name="addTracksToPlaylistTest" time="3.66"/>
  <testcase classname="com.spotify.api.tests.ArtistTests" name="getArtistTest" time="0.258"/>
  <testcase classname="com.spotify.api.tests.PlaylistTests" name="addTracksToPlaylistTest" time="0.295"/>
  <testcase classname="com.spotify.api.tests.ArtistTests" name="getArtistTest" time="0.256"/>
  <testcase classname="com.spotify.api.tests.PlaylistTests" name="addTracksToPlaylistTest" time="0.284"/>
  <testcase classname="com.spotify.api.tests.ArtistTests" name="getMultipleArtistsTest" time="0.264"/>
  <testcase classname="com.spotify.api.tests.PlaylistTests" name="changePlaylistDetailsTest" time="0.238"/>
  <testcase classname="com.spotify.api.tests.PlaylistTests" name="removeTracksFromPlaylistTest" time="0.304"/>
  <testcase classname="com.spotify.api.tests.PlaylistTests" name="removeTracksFromPlaylistTest" time="0.273"/>
  <testcase classname="com.spotify.api.tests.PlaylistTests" name="removeTracksFromPlaylistTest" time="0.289"/>
</testsuite> <!-- ApiTest -->
