<?xml version="1.0" encoding="UTF-8"?>
<!-- Generated by org.testng.reporters.JUnitXMLReporter -->
<testsuite ignored="0" hostname="Arunkumar" failures="0" tests="11" name="ApiTests" time="4.971" errors="0" timestamp="2024-08-17T20:57:13 IST">
  <testcase classname="com.spotify.api.tests.ArtistTests" name="getArtistTest" time="3.177"/>
  <testcase classname="com.spotify.api.tests.PlaylistTests" name="addTracksToPlaylistTest" time="3.215"/>
  <testcase classname="com.spotify.api.tests.ArtistTests" name="getArtistTest" time="0.274"/>
  <testcase classname="com.spotify.api.tests.PlaylistTests" name="addTracksToPlaylistTest" time="0.328"/>
  <testcase classname="com.spotify.api.tests.ArtistTests" name="getArtistTest" time="0.28"/>
  <testcase classname="com.spotify.api.tests.PlaylistTests" name="addTracksToPlaylistTest" time="0.294"/>
  <testcase classname="com.spotify.api.tests.ArtistTests" name="getMultipleArtistsTest" time="0.243"/>
  <testcase classname="com.spotify.api.tests.PlaylistTests" name="changePlaylistDetailsTest" time="0.236"/>
  <testcase classname="com.spotify.api.tests.PlaylistTests" name="removeTracksFromPlaylistTest" time="0.291"/>
  <testcase classname="com.spotify.api.tests.PlaylistTests" name="removeTracksFromPlaylistTest" time="0.28"/>
  <testcase classname="com.spotify.api.tests.PlaylistTests" name="removeTracksFromPlaylistTest" time="0.282"/>
</testsuite> <!-- ApiTests -->
