<?xml version="1.0" encoding="UTF-8"?>
<!-- Generated by org.testng.reporters.JUnitXMLReporter -->
<testsuite ignored="3" hostname="Arunkumar" failures="0" tests="2" name="ApiTest" time="4.432" errors="0" timestamp="2024-08-18T23:42:05 IST">
  <testcase classname="com.spotify.api.tests.PlaylistTests" name="changePlaylistDetailsTest" time="4.363"/>
  <testcase classname="com.spotify.api.tests.ArtistTests" name="getMultipleArtistsTest" time="4.346"/>
  <testcase classname="com.spotify.api.tests.ArtistTests" name="getArtistTest" time="0.0">
    <ignored/>
  </testcase> <!-- getArtistTest -->
  <testcase classname="com.spotify.api.tests.PlaylistTests" name="addTracksToPlaylistTest" time="0.0">
    <ignored/>
  </testcase> <!-- addTracksToPlaylistTest -->
  <testcase classname="com.spotify.api.tests.PlaylistTests" name="removeTracksFromPlaylistTest" time="0.0">
    <ignored/>
  </testcase> <!-- removeTracksFromPlaylistTest -->
</testsuite> <!-- ApiTest -->
