<?xml version="1.0" encoding="UTF-8"?>
<!-- Generated by org.testng.reporters.JUnitXMLReporter -->
<testsuite ignored="2" hostname="Arunkumar" failures="0" tests="11" name="Test" time="71.38" errors="0" timestamp="2024-08-16T21:41:27 IST">
  <testcase classname="com.spotify.web.tests.SearchTests" name="verifyPlaylistIsDisplayedInSearchResults_WhenPlaylistIsSearched" time="11.91"/>
  <testcase classname="com.spotify.web.tests.AlbumTests" name="addAlbumToLibraryTest" time="4.983"/>
  <testcase classname="com.spotify.web.tests.SearchTests" name="verifyPlaylistIsDisplayedInSearchResults_WhenPlaylistIsSearched" time="8.647"/>
  <testcase classname="com.spotify.web.tests.LibraryTests" name="changePlaylistNameinLibraryTest" time="15.339"/>
  <testcase classname="com.spotify.web.tests.AlbumTests" name="addAlbumToLibraryTest" time="4.701"/>
  <testcase classname="com.spotify.web.tests.SearchTests" name="verifyTrackIsDisplayedInSearchResults_WhenTrackIsSearched" time="9.243"/>
  <testcase classname="com.spotify.web.tests.LibraryTests" name="createNewPlaylistInLibraryTest" time="5.927"/>
  <testcase classname="com.spotify.web.tests.AlbumTests" name="removeAlbumFromLibraryTest" time="5.219"/>
  <testcase classname="com.spotify.web.tests.SearchTests" name="verifyTrackIsDisplayedInSearchResults_WhenTrackIsSearched" time="8.616"/>
  <testcase classname="com.spotify.web.tests.AlbumTests" name="removeAlbumFromLibraryTest" time="4.257"/>
  <testcase classname="com.spotify.web.tests.LibraryTests" name="deletePlaylistInLibraryTest" time="15.731"/>
  <testcase classname="com.spotify.web.tests.SearchTests" name="verifyArtistIsDisplayedInSearchResults_WhenArtistIsSearched" time="0.0">
    <ignored/>
  </testcase> <!-- verifyArtistIsDisplayedInSearchResults_WhenArtistIsSearched -->
  <testcase classname="com.spotify.web.tests.SearchTests" name="verifyAlbumIsDisplayedInSearchResults_WhenAlbumIsSearched" time="0.0">
    <ignored/>
  </testcase> <!-- verifyAlbumIsDisplayedInSearchResults_WhenAlbumIsSearched -->
</testsuite> <!-- Test -->
