<?xml version="1.0" encoding="UTF-8"?>
<!-- Generated by org.testng.reporters.JUnitXMLReporter -->
<testsuite ignored="0" hostname="Arunkumar" failures="0" tests="15" name="Test" time="78.449" errors="0" timestamp="2024-07-26T02:05:41 IST">
  <testcase classname="com.spotify.web.tests.SearchTests" name="verifyPlaylistIsDisplayedInSearchResults_WhenTrackIsSearched" time="7.934"/>
  <testcase classname="com.spotify.web.tests.SearchTests" name="verifyAlbumIsDisplayedInSearchResults_WhenTrackIsSearched" time="8.182"/>
  <testcase classname="com.spotify.web.tests.SearchTests" name="verifyTrackIsDisplayedInSearchResults_WhenTrackIsSearched" time="16.733"/>
  <testcase classname="com.spotify.web.tests.SearchTests" name="verifyArtistIsDisplayedInSearchResults_WhenTrackIsSearched" time="9.095"/>
  <testcase classname="com.spotify.web.tests.SearchTests" name="verifyAlbumIsDisplayedInSearchResults_WhenTrackIsSearched" time="9.079"/>
  <testcase classname="com.spotify.web.tests.SearchTests" name="verifyPlaylistIsDisplayedInSearchResults_WhenTrackIsSearched" time="9.713"/>
  <testcase classname="com.spotify.web.tests.SearchTests" name="verifyTrackIsDisplayedInSearchResults_WhenTrackIsSearched" time="13.814"/>
  <testcase classname="com.spotify.web.tests.SearchTests" name="verifyArtistIsDisplayedInSearchResults_WhenTrackIsSearched" time="13.184"/>
  <testcase classname="com.spotify.web.tests.LibraryTests" name="createNewPlaylistInLibraryTest" time="5.659"/>
  <testcase classname="com.spotify.web.tests.LibraryTests" name="changePlaylistNameinLibraryTest" time="15.299"/>
  <testcase classname="com.spotify.web.tests.AlbumTests" name="removeAlbumFromLibraryTest" time="4.196"/>
  <testcase classname="com.spotify.web.tests.AlbumTests" name="addAlbumToLibraryTest" time="7.901"/>
  <testcase classname="com.spotify.web.tests.LibraryTests" name="deletePlaylistInLibraryTest" time="19.262"/>
  <testcase classname="com.spotify.web.tests.AlbumTests" name="removeAlbumFromLibraryTest" time="4.23"/>
  <testcase classname="com.spotify.web.tests.AlbumTests" name="addAlbumToLibraryTest" time="4.264"/>
</testsuite> <!-- Test -->
