<?xml version="1.0" encoding="UTF-8"?>
<testng-results ignored="0" total="12" passed="10" failed="2" skipped="0">
  <reporter-output>
  </reporter-output>
  <suite started-at="2024-07-19T23:16:50 IST" name="Surefire suite" finished-at="2024-07-19T23:17:54 IST" duration-ms="63879">
    <groups>
    </groups>
    <test started-at="2024-07-19T23:16:50 IST" name="Surefire test" finished-at="2024-07-19T23:17:54 IST" duration-ms="63879">
      <class name="com.spotify.web.tests.SearchTests">
        <test-method is-config="true" signature="setUp(java.lang.reflect.Method)[pri:0, instance:com.spotify.web.tests.SearchTests@1b1473ab]" started-at="2024-07-19T23:17:07 IST" name="setUp" finished-at="2024-07-19T23:17:16 IST" duration-ms="8739" status="PASS">
          <params>
            <param index="0">
              <value>
                <![CDATA[public void com.spotify.web.tests.SearchTests.searchPlaylistInResultsTest(java.lang.String)]]>
              </value>
            </param>
          </params>
          <reporter-output>
          </reporter-output>
        </test-method> <!-- setUp -->
        <test-method is-config="true" signature="setUp(java.lang.reflect.Method)[pri:0, instance:com.spotify.web.tests.SearchTests@1b1473ab]" started-at="2024-07-19T23:17:08 IST" name="setUp" finished-at="2024-07-19T23:17:17 IST" duration-ms="8912" status="PASS">
          <params>
            <param index="0">
              <value>
                <![CDATA[public void com.spotify.web.tests.SearchTests.searchedSongInResultsTest(java.lang.String,java.lang.String)]]>
              </value>
            </param>
          </params>
          <reporter-output>
          </reporter-output>
        </test-method> <!-- setUp -->
        <test-method signature="searchPlaylistInResultsTest(java.lang.String)[pri:0, instance:com.spotify.web.tests.SearchTests@1b1473ab]" started-at="2024-07-19T23:17:16 IST" name="searchPlaylistInResultsTest" data-provider="searchPlaylistTestData" finished-at="2024-07-19T23:17:28 IST" duration-ms="12764" status="PASS">
          <params>
            <param index="0">
              <value>
                <![CDATA[Jailer]]>
              </value>
            </param>
          </params>
          <reporter-output>
          </reporter-output>
        </test-method> <!-- searchPlaylistInResultsTest -->
        <test-method signature="searchedSongInResultsTest(java.lang.String,java.lang.String)[pri:0, instance:com.spotify.web.tests.SearchTests@1b1473ab]" started-at="2024-07-19T23:17:17 IST" name="searchedSongInResultsTest" data-provider="searchSongTestData" finished-at="2024-07-19T23:17:30 IST" duration-ms="12607" status="PASS">
          <params>
            <param index="0">
              <value>
                <![CDATA[Vaathi Coming]]>
              </value>
            </param>
            <param index="1">
              <value>
                <![CDATA[Anirudh Ravichander]]>
              </value>
            </param>
          </params>
          <reporter-output>
          </reporter-output>
        </test-method> <!-- searchedSongInResultsTest -->
        <test-method is-config="true" signature="tearDown()[pri:0, instance:com.spotify.web.tests.SearchTests@1b1473ab]" started-at="2024-07-19T23:17:28 IST" name="tearDown" finished-at="2024-07-19T23:17:31 IST" duration-ms="2296" status="PASS">
          <reporter-output>
          </reporter-output>
        </test-method> <!-- tearDown -->
        <test-method is-config="true" signature="tearDown()[pri:0, instance:com.spotify.web.tests.SearchTests@1b1473ab]" started-at="2024-07-19T23:17:30 IST" name="tearDown" finished-at="2024-07-19T23:17:32 IST" duration-ms="2272" status="PASS">
          <reporter-output>
          </reporter-output>
        </test-method> <!-- tearDown -->
        <test-method is-config="true" signature="setUp(java.lang.reflect.Method)[pri:0, instance:com.spotify.web.tests.SearchTests@1b1473ab]" started-at="2024-07-19T23:17:31 IST" name="setUp" finished-at="2024-07-19T23:17:38 IST" duration-ms="6813" status="PASS">
          <params>
            <param index="0">
              <value>
                <![CDATA[public void com.spotify.web.tests.SearchTests.searchPlaylistInResultsTest(java.lang.String)]]>
              </value>
            </param>
          </params>
          <reporter-output>
          </reporter-output>
        </test-method> <!-- setUp -->
        <test-method is-config="true" signature="setUp(java.lang.reflect.Method)[pri:0, instance:com.spotify.web.tests.SearchTests@1b1473ab]" started-at="2024-07-19T23:17:32 IST" name="setUp" finished-at="2024-07-19T23:17:38 IST" duration-ms="6139" status="PASS">
          <params>
            <param index="0">
              <value>
                <![CDATA[public void com.spotify.web.tests.SearchTests.searchedSongInResultsTest(java.lang.String,java.lang.String)]]>
              </value>
            </param>
          </params>
          <reporter-output>
          </reporter-output>
        </test-method> <!-- setUp -->
        <test-method signature="searchPlaylistInResultsTest(java.lang.String)[pri:0, instance:com.spotify.web.tests.SearchTests@1b1473ab]" started-at="2024-07-19T23:17:38 IST" name="searchPlaylistInResultsTest" data-provider="searchPlaylistTestData" finished-at="2024-07-19T23:17:48 IST" duration-ms="10422" status="PASS">
          <params>
            <param index="0">
              <value>
                <![CDATA[Beast]]>
              </value>
            </param>
          </params>
          <reporter-output>
          </reporter-output>
        </test-method> <!-- searchPlaylistInResultsTest -->
        <test-method signature="searchedSongInResultsTest(java.lang.String,java.lang.String)[pri:0, instance:com.spotify.web.tests.SearchTests@1b1473ab]" started-at="2024-07-19T23:17:38 IST" name="searchedSongInResultsTest" data-provider="searchSongTestData" finished-at="2024-07-19T23:17:48 IST" duration-ms="10388" status="PASS">
          <params>
            <param index="0">
              <value>
                <![CDATA[Ordinary Person]]>
              </value>
            </param>
            <param index="1">
              <value>
                <![CDATA[Anirudh Ravichander]]>
              </value>
            </param>
          </params>
          <reporter-output>
          </reporter-output>
        </test-method> <!-- searchedSongInResultsTest -->
        <test-method is-config="true" signature="tearDown()[pri:0, instance:com.spotify.web.tests.SearchTests@1b1473ab]" started-at="2024-07-19T23:17:48 IST" name="tearDown" finished-at="2024-07-19T23:17:49 IST" duration-ms="1340" status="PASS">
          <reporter-output>
          </reporter-output>
        </test-method> <!-- tearDown -->
        <test-method is-config="true" signature="tearDown()[pri:0, instance:com.spotify.web.tests.SearchTests@1b1473ab]" started-at="2024-07-19T23:17:48 IST" name="tearDown" finished-at="2024-07-19T23:17:50 IST" duration-ms="1256" status="PASS">
          <reporter-output>
          </reporter-output>
        </test-method> <!-- tearDown -->
      </class> <!-- com.spotify.web.tests.SearchTests -->
      <class name="com.spotify.web.tests.GoogleTests">
        <test-method is-config="true" signature="setUp(java.lang.reflect.Method)[pri:0, instance:com.spotify.web.tests.GoogleTests@3aefe5e5]" started-at="2024-07-19T23:16:50 IST" name="setUp" finished-at="2024-07-19T23:16:59 IST" duration-ms="9302" status="PASS">
          <params>
            <param index="0">
              <value>
                <![CDATA[public void com.spotify.web.tests.GoogleTests.Test1()]]>
              </value>
            </param>
          </params>
          <reporter-output>
          </reporter-output>
        </test-method> <!-- setUp -->
        <test-method is-config="true" signature="setUp(java.lang.reflect.Method)[pri:0, instance:com.spotify.web.tests.GoogleTests@3aefe5e5]" started-at="2024-07-19T23:16:50 IST" name="setUp" finished-at="2024-07-19T23:16:59 IST" duration-ms="9162" status="PASS">
          <params>
            <param index="0">
              <value>
                <![CDATA[public void com.spotify.web.tests.GoogleTests.Test4()]]>
              </value>
            </param>
          </params>
          <reporter-output>
          </reporter-output>
        </test-method> <!-- setUp -->
        <test-method is-config="true" signature="setUp(java.lang.reflect.Method)[pri:0, instance:com.spotify.web.tests.GoogleTests@3aefe5e5]" started-at="2024-07-19T23:16:50 IST" name="setUp" finished-at="2024-07-19T23:16:59 IST" duration-ms="9271" status="PASS">
          <params>
            <param index="0">
              <value>
                <![CDATA[public void com.spotify.web.tests.GoogleTests.Test3()]]>
              </value>
            </param>
          </params>
          <reporter-output>
          </reporter-output>
        </test-method> <!-- setUp -->
        <test-method is-config="true" signature="setUp(java.lang.reflect.Method)[pri:0, instance:com.spotify.web.tests.GoogleTests@3aefe5e5]" started-at="2024-07-19T23:16:50 IST" name="setUp" finished-at="2024-07-19T23:16:59 IST" duration-ms="8825" status="PASS">
          <params>
            <param index="0">
              <value>
                <![CDATA[public void com.spotify.web.tests.GoogleTests.Test2()]]>
              </value>
            </param>
          </params>
          <reporter-output>
          </reporter-output>
        </test-method> <!-- setUp -->
        <test-method signature="Test2()[pri:0, instance:com.spotify.web.tests.GoogleTests@3aefe5e5]" started-at="2024-07-19T23:16:59 IST" name="Test2" finished-at="2024-07-19T23:17:07 IST" duration-ms="8042" status="FAIL">
          <exception class="org.openqa.selenium.NoSuchSessionException">
            <message>
              <![CDATA[Tried to run command without establishing a connection
Build info: version: '4.20.0', revision: '866c76ca80'
System info: os.name: 'Windows 11', os.arch: 'amd64', os.version: '10.0', java.version: '17.0.11'
Driver info: org.openqa.selenium.firefox.FirefoxDriver
Command: [79571661-d396-4588-bebe-d495fe1f4b5e, clickElement {id=268e68b4-b259-48b9-b2f9-280c782ec02a}]
Capabilities {acceptInsecureCerts: true, browserName: firefox, browserVersion: 128.0, moz:accessibilityChecks: false, moz:buildID: 20240704121409, moz:debuggerAddress: 127.0.0.1:9885, moz:geckodriverVersion: 0.34.0, moz:headless: false, moz:platformVersion: 10.0, moz:processID: 29052, moz:profile: C:\Users\aruns\AppData\Loca..., moz:shutdownTimeout: 60000, moz:webdriverClick: true, moz:windowless: false, pageLoadStrategy: normal, platformName: windows, proxy: Proxy(), se:cdp: ws://127.0.0.1:9885/devtool..., se:cdpVersion: 85.0, setWindowRect: true, strictFileInteractability: false, timeouts: {implicit: 0, pageLoad: 300000, script: 30000}, unhandledPromptBehavior: dismiss and notify, userAgent: Mozilla/5.0 (Windows NT 10....}
Element: [[FirefoxDriver: firefox on windows (79571661-d396-4588-bebe-d495fe1f4b5e)] -> xpath: //div[@id='SIvCob']/a[5]]
Session ID: 79571661-d396-4588-bebe-d495fe1f4b5e]]>
            </message>
            <full-stacktrace>
              <![CDATA[org.openqa.selenium.NoSuchSessionException: Tried to run command without establishing a connection
Build info: version: '4.20.0', revision: '866c76ca80'
System info: os.name: 'Windows 11', os.arch: 'amd64', os.version: '10.0', java.version: '17.0.11'
Driver info: org.openqa.selenium.firefox.FirefoxDriver
Command: [79571661-d396-4588-bebe-d495fe1f4b5e, clickElement {id=268e68b4-b259-48b9-b2f9-280c782ec02a}]
Capabilities {acceptInsecureCerts: true, browserName: firefox, browserVersion: 128.0, moz:accessibilityChecks: false, moz:buildID: 20240704121409, moz:debuggerAddress: 127.0.0.1:9885, moz:geckodriverVersion: 0.34.0, moz:headless: false, moz:platformVersion: 10.0, moz:processID: 29052, moz:profile: C:\Users\aruns\AppData\Loca..., moz:shutdownTimeout: 60000, moz:webdriverClick: true, moz:windowless: false, pageLoadStrategy: normal, platformName: windows, proxy: Proxy(), se:cdp: ws://127.0.0.1:9885/devtool..., se:cdpVersion: 85.0, setWindowRect: true, strictFileInteractability: false, timeouts: {implicit: 0, pageLoad: 300000, script: 30000}, unhandledPromptBehavior: dismiss and notify, userAgent: Mozilla/5.0 (Windows NT 10....}
Element: [[FirefoxDriver: firefox on windows (79571661-d396-4588-bebe-d495fe1f4b5e)] -> xpath: //div[@id='SIvCob']/a[5]]
Session ID: 79571661-d396-4588-bebe-d495fe1f4b5e
at java.base/jdk.internal.reflect.NativeConstructorAccessorImpl.newInstance0(Native Method)
at java.base/jdk.internal.reflect.NativeConstructorAccessorImpl.newInstance(NativeConstructorAccessorImpl.java:77)
at java.base/jdk.internal.reflect.DelegatingConstructorAccessorImpl.newInstance(DelegatingConstructorAccessorImpl.java:45)
at java.base/java.lang.reflect.Constructor.newInstanceWithCaller(Constructor.java:499)
at java.base/java.lang.reflect.Constructor.newInstance(Constructor.java:480)
at org.openqa.selenium.remote.ErrorCodec.decode(ErrorCodec.java:167)
at org.openqa.selenium.remote.codec.w3c.W3CHttpResponseCodec.decode(W3CHttpResponseCodec.java:138)
at org.openqa.selenium.remote.codec.w3c.W3CHttpResponseCodec.decode(W3CHttpResponseCodec.java:50)
at org.openqa.selenium.remote.HttpCommandExecutor.execute(HttpCommandExecutor.java:190)
at org.openqa.selenium.remote.service.DriverCommandExecutor.invokeExecute(DriverCommandExecutor.java:216)
at org.openqa.selenium.remote.service.DriverCommandExecutor.execute(DriverCommandExecutor.java:174)
at org.openqa.selenium.remote.RemoteWebDriver.execute(RemoteWebDriver.java:518)
at org.openqa.selenium.remote.RemoteWebElement.execute(RemoteWebElement.java:223)
at org.openqa.selenium.remote.RemoteWebElement.click(RemoteWebElement.java:76)
at com.spotify.web.tests.GoogleTests.Test2(GoogleTests.java:18)
at java.base/jdk.internal.reflect.NativeMethodAccessorImpl.invoke0(Native Method)
at java.base/jdk.internal.reflect.NativeMethodAccessorImpl.invoke(NativeMethodAccessorImpl.java:77)
at java.base/jdk.internal.reflect.DelegatingMethodAccessorImpl.invoke(DelegatingMethodAccessorImpl.java:43)
at java.base/java.lang.reflect.Method.invoke(Method.java:568)
at org.testng.internal.invokers.MethodInvocationHelper.invokeMethod(MethodInvocationHelper.java:141)
at org.testng.internal.invokers.TestInvoker.invokeMethod(TestInvoker.java:686)
at org.testng.internal.invokers.TestInvoker.invokeTestMethod(TestInvoker.java:230)
at org.testng.internal.invokers.MethodRunner.runInSequence(MethodRunner.java:63)
at org.testng.internal.invokers.TestInvoker$MethodInvocationAgent.invoke(TestInvoker.java:992)
at org.testng.internal.invokers.TestInvoker.invokeTestMethods(TestInvoker.java:203)
at org.testng.internal.invokers.TestMethodWorker.invokeTestMethods(TestMethodWorker.java:154)
at org.testng.internal.invokers.TestMethodWorker.run(TestMethodWorker.java:134)
at java.base/java.util.concurrent.Executors$RunnableAdapter.call(Executors.java:539)
at java.base/java.util.concurrent.FutureTask.run(FutureTask.java:264)
at org.testng.internal.thread.graph.TestNGFutureTask.run(TestNGFutureTask.java:22)
at java.base/java.util.concurrent.ThreadPoolExecutor.runWorker(ThreadPoolExecutor.java:1136)
at java.base/java.util.concurrent.ThreadPoolExecutor$Worker.run(ThreadPoolExecutor.java:635)
at java.base/java.lang.Thread.run(Thread.java:842)
]]>
            </full-stacktrace>
          </exception> <!-- org.openqa.selenium.NoSuchSessionException -->
          <reporter-output>
          </reporter-output>
        </test-method> <!-- Test2 -->
        <test-method signature="Test4()[pri:0, instance:com.spotify.web.tests.GoogleTests@3aefe5e5]" started-at="2024-07-19T23:16:59 IST" name="Test4" finished-at="2024-07-19T23:17:05 IST" duration-ms="6234" status="PASS">
          <reporter-output>
          </reporter-output>
        </test-method> <!-- Test4 -->
        <test-method signature="Test3()[pri:0, instance:com.spotify.web.tests.GoogleTests@3aefe5e5]" started-at="2024-07-19T23:16:59 IST" name="Test3" finished-at="2024-07-19T23:17:05 IST" duration-ms="6136" status="FAIL">
          <exception class="org.openqa.selenium.StaleElementReferenceException">
            <message>
              <![CDATA[The element with the reference d9aafb94-3cb7-4411-9bdb-7a50a57afce4 is stale; either its node document is not the active document, or it is no longer connected to the DOM
For documentation on this error, please visit: https://www.selenium.dev/documentation/webdriver/troubleshooting/errors#stale-element-reference-exception
Build info: version: '4.20.0', revision: '866c76ca80'
System info: os.name: 'Windows 11', os.arch: 'amd64', os.version: '10.0', java.version: '17.0.11'
Driver info: org.openqa.selenium.firefox.FirefoxDriver
Command: [79571661-d396-4588-bebe-d495fe1f4b5e, sendKeysToElement {value=[Ljava.lang.CharSequence;@576372b1, id=d9aafb94-3cb7-4411-9bdb-7a50a57afce4}]
Capabilities {acceptInsecureCerts: true, browserName: firefox, browserVersion: 128.0, moz:accessibilityChecks: false, moz:buildID: 20240704121409, moz:debuggerAddress: 127.0.0.1:9885, moz:geckodriverVersion: 0.34.0, moz:headless: false, moz:platformVersion: 10.0, moz:processID: 29052, moz:profile: C:\Users\aruns\AppData\Loca..., moz:shutdownTimeout: 60000, moz:webdriverClick: true, moz:windowless: false, pageLoadStrategy: normal, platformName: windows, proxy: Proxy(), se:cdp: ws://127.0.0.1:9885/devtool..., se:cdpVersion: 85.0, setWindowRect: true, strictFileInteractability: false, timeouts: {implicit: 0, pageLoad: 300000, script: 30000}, unhandledPromptBehavior: dismiss and notify, userAgent: Mozilla/5.0 (Windows NT 10....}
Element: [[FirefoxDriver: firefox on windows (79571661-d396-4588-bebe-d495fe1f4b5e)] -> xpath: //textarea[@name='q']]
Session ID: 79571661-d396-4588-bebe-d495fe1f4b5e]]>
            </message>
            <full-stacktrace>
              <![CDATA[org.openqa.selenium.StaleElementReferenceException: The element with the reference d9aafb94-3cb7-4411-9bdb-7a50a57afce4 is stale; either its node document is not the active document, or it is no longer connected to the DOM
For documentation on this error, please visit: https://www.selenium.dev/documentation/webdriver/troubleshooting/errors#stale-element-reference-exception
Build info: version: '4.20.0', revision: '866c76ca80'
System info: os.name: 'Windows 11', os.arch: 'amd64', os.version: '10.0', java.version: '17.0.11'
Driver info: org.openqa.selenium.firefox.FirefoxDriver
Command: [79571661-d396-4588-bebe-d495fe1f4b5e, sendKeysToElement {value=[Ljava.lang.CharSequence;@576372b1, id=d9aafb94-3cb7-4411-9bdb-7a50a57afce4}]
Capabilities {acceptInsecureCerts: true, browserName: firefox, browserVersion: 128.0, moz:accessibilityChecks: false, moz:buildID: 20240704121409, moz:debuggerAddress: 127.0.0.1:9885, moz:geckodriverVersion: 0.34.0, moz:headless: false, moz:platformVersion: 10.0, moz:processID: 29052, moz:profile: C:\Users\aruns\AppData\Loca..., moz:shutdownTimeout: 60000, moz:webdriverClick: true, moz:windowless: false, pageLoadStrategy: normal, platformName: windows, proxy: Proxy(), se:cdp: ws://127.0.0.1:9885/devtool..., se:cdpVersion: 85.0, setWindowRect: true, strictFileInteractability: false, timeouts: {implicit: 0, pageLoad: 300000, script: 30000}, unhandledPromptBehavior: dismiss and notify, userAgent: Mozilla/5.0 (Windows NT 10....}
Element: [[FirefoxDriver: firefox on windows (79571661-d396-4588-bebe-d495fe1f4b5e)] -> xpath: //textarea[@name='q']]
Session ID: 79571661-d396-4588-bebe-d495fe1f4b5e
at java.base/jdk.internal.reflect.NativeConstructorAccessorImpl.newInstance0(Native Method)
at java.base/jdk.internal.reflect.NativeConstructorAccessorImpl.newInstance(NativeConstructorAccessorImpl.java:77)
at java.base/jdk.internal.reflect.DelegatingConstructorAccessorImpl.newInstance(DelegatingConstructorAccessorImpl.java:45)
at java.base/java.lang.reflect.Constructor.newInstanceWithCaller(Constructor.java:499)
at java.base/java.lang.reflect.Constructor.newInstance(Constructor.java:480)
at org.openqa.selenium.remote.ErrorCodec.decode(ErrorCodec.java:167)
at org.openqa.selenium.remote.codec.w3c.W3CHttpResponseCodec.decode(W3CHttpResponseCodec.java:138)
at org.openqa.selenium.remote.codec.w3c.W3CHttpResponseCodec.decode(W3CHttpResponseCodec.java:50)
at org.openqa.selenium.remote.HttpCommandExecutor.execute(HttpCommandExecutor.java:190)
at org.openqa.selenium.remote.service.DriverCommandExecutor.invokeExecute(DriverCommandExecutor.java:216)
at org.openqa.selenium.remote.service.DriverCommandExecutor.execute(DriverCommandExecutor.java:174)
at org.openqa.selenium.remote.RemoteWebDriver.execute(RemoteWebDriver.java:518)
at org.openqa.selenium.remote.RemoteWebElement.execute(RemoteWebElement.java:223)
at org.openqa.selenium.remote.RemoteWebElement.sendKeys(RemoteWebElement.java:110)
at com.spotify.web.tests.GoogleTests.Test3(GoogleTests.java:24)
at java.base/jdk.internal.reflect.NativeMethodAccessorImpl.invoke0(Native Method)
at java.base/jdk.internal.reflect.NativeMethodAccessorImpl.invoke(NativeMethodAccessorImpl.java:77)
at java.base/jdk.internal.reflect.DelegatingMethodAccessorImpl.invoke(DelegatingMethodAccessorImpl.java:43)
at java.base/java.lang.reflect.Method.invoke(Method.java:568)
at org.testng.internal.invokers.MethodInvocationHelper.invokeMethod(MethodInvocationHelper.java:141)
at org.testng.internal.invokers.TestInvoker.invokeMethod(TestInvoker.java:686)
at org.testng.internal.invokers.TestInvoker.invokeTestMethod(TestInvoker.java:230)
at org.testng.internal.invokers.MethodRunner.runInSequence(MethodRunner.java:63)
at org.testng.internal.invokers.TestInvoker$MethodInvocationAgent.invoke(TestInvoker.java:992)
at org.testng.internal.invokers.TestInvoker.invokeTestMethods(TestInvoker.java:203)
at org.testng.internal.invokers.TestMethodWorker.invokeTestMethods(TestMethodWorker.java:154)
at org.testng.internal.invokers.TestMethodWorker.run(TestMethodWorker.java:134)
at java.base/java.util.concurrent.Executors$RunnableAdapter.call(Executors.java:539)
at java.base/java.util.concurrent.FutureTask.run(FutureTask.java:264)
at org.testng.internal.thread.graph.TestNGFutureTask.run(TestNGFutureTask.java:22)
at java.base/java.util.concurrent.ThreadPoolExecutor.runWorker(ThreadPoolExecutor.java:1136)
at java.base/java.util.concurrent.ThreadPoolExecutor$Worker.run(ThreadPoolExecutor.java:635)
at java.base/java.lang.Thread.run(Thread.java:842)
]]>
            </full-stacktrace>
          </exception> <!-- org.openqa.selenium.StaleElementReferenceException -->
          <reporter-output>
          </reporter-output>
        </test-method> <!-- Test3 -->
        <test-method signature="Test1()[pri:0, instance:com.spotify.web.tests.GoogleTests@3aefe5e5]" started-at="2024-07-19T23:16:59 IST" name="Test1" finished-at="2024-07-19T23:17:04 IST" duration-ms="4794" status="PASS">
          <reporter-output>
          </reporter-output>
        </test-method> <!-- Test1 -->
        <test-method is-config="true" signature="tearDown()[pri:0, instance:com.spotify.web.tests.GoogleTests@3aefe5e5]" started-at="2024-07-19T23:17:04 IST" name="tearDown" finished-at="2024-07-19T23:17:07 IST" duration-ms="2774" status="PASS">
          <reporter-output>
          </reporter-output>
        </test-method> <!-- tearDown -->
        <test-method is-config="true" signature="tearDown()[pri:0, instance:com.spotify.web.tests.GoogleTests@3aefe5e5]" started-at="2024-07-19T23:17:05 IST" name="tearDown" finished-at="2024-07-19T23:17:06 IST" duration-ms="1047" status="PASS">
          <reporter-output>
          </reporter-output>
        </test-method> <!-- tearDown -->
        <test-method is-config="true" signature="tearDown()[pri:0, instance:com.spotify.web.tests.GoogleTests@3aefe5e5]" started-at="2024-07-19T23:17:05 IST" name="tearDown" finished-at="2024-07-19T23:17:07 IST" duration-ms="1238" status="PASS">
          <reporter-output>
          </reporter-output>
        </test-method> <!-- tearDown -->
        <test-method is-config="true" signature="tearDown()[pri:0, instance:com.spotify.web.tests.GoogleTests@3aefe5e5]" started-at="2024-07-19T23:17:07 IST" name="tearDown" finished-at="2024-07-19T23:17:08 IST" duration-ms="1303" status="PASS">
          <reporter-output>
          </reporter-output>
        </test-method> <!-- tearDown -->
      </class> <!-- com.spotify.web.tests.GoogleTests -->
      <class name="com.spotify.web.tests.PlaylistTests">
        <test-method is-config="true" signature="setUp(java.lang.reflect.Method)[pri:0, instance:com.spotify.web.tests.PlaylistTests@149e0f5d]" started-at="2024-07-19T23:16:50 IST" name="setUp" finished-at="2024-07-19T23:17:11 IST" duration-ms="20750" status="PASS">
          <params>
            <param index="0">
              <value>
                <![CDATA[public void com.spotify.web.tests.PlaylistTests.createNewPlaylistTest()]]>
              </value>
            </param>
          </params>
          <reporter-output>
          </reporter-output>
        </test-method> <!-- setUp -->
        <test-method is-config="true" signature="setUp(java.lang.reflect.Method)[pri:0, instance:com.spotify.web.tests.PlaylistTests@149e0f5d]" started-at="2024-07-19T23:17:07 IST" name="setUp" finished-at="2024-07-19T23:17:27 IST" duration-ms="20181" status="PASS">
          <params>
            <param index="0">
              <value>
                <![CDATA[public void com.spotify.web.tests.PlaylistTests.editPlaylistName(java.lang.String,java.lang.String)]]>
              </value>
            </param>
          </params>
          <reporter-output>
          </reporter-output>
        </test-method> <!-- setUp -->
        <test-method is-config="true" signature="setUp(java.lang.reflect.Method)[pri:0, instance:com.spotify.web.tests.PlaylistTests@149e0f5d]" started-at="2024-07-19T23:17:07 IST" name="setUp" finished-at="2024-07-19T23:17:29 IST" duration-ms="22496" status="PASS">
          <params>
            <param index="0">
              <value>
                <![CDATA[public void com.spotify.web.tests.PlaylistTests.deletePlaylistTest(java.lang.String)]]>
              </value>
            </param>
          </params>
          <reporter-output>
          </reporter-output>
        </test-method> <!-- setUp -->
        <test-method signature="createNewPlaylistTest()[pri:0, instance:com.spotify.web.tests.PlaylistTests@149e0f5d]" started-at="2024-07-19T23:17:11 IST" name="createNewPlaylistTest" finished-at="2024-07-19T23:17:14 IST" duration-ms="3141" status="PASS">
          <reporter-output>
          </reporter-output>
        </test-method> <!-- createNewPlaylistTest -->
        <test-method is-config="true" signature="tearDown()[pri:0, instance:com.spotify.web.tests.PlaylistTests@149e0f5d]" started-at="2024-07-19T23:17:14 IST" name="tearDown" finished-at="2024-07-19T23:17:18 IST" duration-ms="4486" status="PASS">
          <reporter-output>
          </reporter-output>
        </test-method> <!-- tearDown -->
        <test-method signature="editPlaylistName(java.lang.String,java.lang.String)[pri:0, instance:com.spotify.web.tests.PlaylistTests@149e0f5d]" started-at="2024-07-19T23:17:27 IST" name="editPlaylistName" data-provider="editPlaylistTestData" finished-at="2024-07-19T23:17:32 IST" duration-ms="5373" status="PASS">
          <params>
            <param index="0">
              <value>
                <![CDATA[My Playlist #1]]>
              </value>
            </param>
            <param index="1">
              <value>
                <![CDATA[Updated Playlist]]>
              </value>
            </param>
          </params>
          <reporter-output>
          </reporter-output>
        </test-method> <!-- editPlaylistName -->
        <test-method signature="deletePlaylistTest(java.lang.String)[pri:0, instance:com.spotify.web.tests.PlaylistTests@149e0f5d]" started-at="2024-07-19T23:17:29 IST" name="deletePlaylistTest" data-provider="deletePlaylistTestData" finished-at="2024-07-19T23:17:32 IST" duration-ms="2660" status="PASS">
          <params>
            <param index="0">
              <value>
                <![CDATA[Jailer]]>
              </value>
            </param>
          </params>
          <reporter-output>
          </reporter-output>
        </test-method> <!-- deletePlaylistTest -->
        <test-method is-config="true" signature="tearDown()[pri:0, instance:com.spotify.web.tests.PlaylistTests@149e0f5d]" started-at="2024-07-19T23:17:32 IST" name="tearDown" finished-at="2024-07-19T23:17:35 IST" duration-ms="2580" status="PASS">
          <reporter-output>
          </reporter-output>
        </test-method> <!-- tearDown -->
        <test-method is-config="true" signature="tearDown()[pri:0, instance:com.spotify.web.tests.PlaylistTests@149e0f5d]" started-at="2024-07-19T23:17:32 IST" name="tearDown" finished-at="2024-07-19T23:17:34 IST" duration-ms="2221" status="PASS">
          <reporter-output>
          </reporter-output>
        </test-method> <!-- tearDown -->
        <test-method is-config="true" signature="setUp(java.lang.reflect.Method)[pri:0, instance:com.spotify.web.tests.PlaylistTests@149e0f5d]" started-at="2024-07-19T23:17:35 IST" name="setUp" finished-at="2024-07-19T23:17:50 IST" duration-ms="15757" status="PASS">
          <params>
            <param index="0">
              <value>
                <![CDATA[public void com.spotify.web.tests.PlaylistTests.deletePlaylistTest(java.lang.String)]]>
              </value>
            </param>
          </params>
          <reporter-output>
          </reporter-output>
        </test-method> <!-- setUp -->
        <test-method signature="deletePlaylistTest(java.lang.String)[pri:0, instance:com.spotify.web.tests.PlaylistTests@149e0f5d]" started-at="2024-07-19T23:17:50 IST" name="deletePlaylistTest" data-provider="deletePlaylistTestData" finished-at="2024-07-19T23:17:53 IST" duration-ms="2245" status="PASS">
          <params>
            <param index="0">
              <value>
                <![CDATA[Beast]]>
              </value>
            </param>
          </params>
          <reporter-output>
          </reporter-output>
        </test-method> <!-- deletePlaylistTest -->
        <test-method is-config="true" signature="tearDown()[pri:0, instance:com.spotify.web.tests.PlaylistTests@149e0f5d]" started-at="2024-07-19T23:17:53 IST" name="tearDown" finished-at="2024-07-19T23:17:54 IST" duration-ms="1033" status="PASS">
          <reporter-output>
          </reporter-output>
        </test-method> <!-- tearDown -->
      </class> <!-- com.spotify.web.tests.PlaylistTests -->
    </test> <!-- Surefire test -->
  </suite> <!-- Surefire suite -->
</testng-results>
