<?xml version="1.0" encoding="UTF-8"?>
<testng-results ignored="0" total="15" passed="15" failed="0" skipped="0">
  <reporter-output>
  </reporter-output>
  <suite started-at="2024-07-30T09:43:51 IST" name="Regression" finished-at="2024-07-30T09:45:56 IST" duration-ms="125013">
    <groups>
      <group name="regression">
        <method signature="AlbumTests.addAlbumToLibraryTest(java.lang.String,java.lang.String)[pri:0, instance:com.spotify.web.tests.AlbumTests@557caf28]" name="addAlbumToLibraryTest" class="com.spotify.web.tests.AlbumTests"/>
        <method signature="AlbumTests.removeAlbumFromLibraryTest(java.lang.String,java.lang.String)[pri:0, instance:com.spotify.web.tests.AlbumTests@557caf28]" name="removeAlbumFromLibraryTest" class="com.spotify.web.tests.AlbumTests"/>
        <method signature="LibraryTests.changePlaylistNameinLibraryTest(java.lang.String,java.lang.String)[pri:0, instance:com.spotify.web.tests.LibraryTests@75d4a5c2]" name="changePlaylistNameinLibraryTest" class="com.spotify.web.tests.LibraryTests"/>
        <method signature="LibraryTests.createNewPlaylistInLibraryTest()[pri:0, instance:com.spotify.web.tests.LibraryTests@75d4a5c2]" name="createNewPlaylistInLibraryTest" class="com.spotify.web.tests.LibraryTests"/>
        <method signature="LibraryTests.deletePlaylistInLibraryTest(java.lang.String)[pri:0, instance:com.spotify.web.tests.LibraryTests@75d4a5c2]" name="deletePlaylistInLibraryTest" class="com.spotify.web.tests.LibraryTests"/>
        <method signature="SearchTests.verifyAlbumIsDisplayedInSearchResults_WhenTrackIsSearched(java.lang.String)[pri:0, instance:com.spotify.web.tests.SearchTests@128d2484]" name="verifyAlbumIsDisplayedInSearchResults_WhenTrackIsSearched" class="com.spotify.web.tests.SearchTests"/>
        <method signature="SearchTests.verifyArtistIsDisplayedInSearchResults_WhenTrackIsSearched(java.lang.String)[pri:0, instance:com.spotify.web.tests.SearchTests@128d2484]" name="verifyArtistIsDisplayedInSearchResults_WhenTrackIsSearched" class="com.spotify.web.tests.SearchTests"/>
        <method signature="SearchTests.verifyPlaylistIsDisplayedInSearchResults_WhenTrackIsSearched(java.lang.String)[pri:0, instance:com.spotify.web.tests.SearchTests@128d2484]" name="verifyPlaylistIsDisplayedInSearchResults_WhenTrackIsSearched" class="com.spotify.web.tests.SearchTests"/>
        <method signature="SearchTests.verifyTrackIsDisplayedInSearchResults_WhenTrackIsSearched(java.lang.String,java.lang.String)[pri:0, instance:com.spotify.web.tests.SearchTests@128d2484]" name="verifyTrackIsDisplayedInSearchResults_WhenTrackIsSearched" class="com.spotify.web.tests.SearchTests"/>
      </group> <!-- regression -->
      <group name="smoke">
        <method signature="AlbumTests.addAlbumToLibraryTest(java.lang.String,java.lang.String)[pri:0, instance:com.spotify.web.tests.AlbumTests@557caf28]" name="addAlbumToLibraryTest" class="com.spotify.web.tests.AlbumTests"/>
        <method signature="AlbumTests.removeAlbumFromLibraryTest(java.lang.String,java.lang.String)[pri:0, instance:com.spotify.web.tests.AlbumTests@557caf28]" name="removeAlbumFromLibraryTest" class="com.spotify.web.tests.AlbumTests"/>
        <method signature="LibraryTests.createNewPlaylistInLibraryTest()[pri:0, instance:com.spotify.web.tests.LibraryTests@75d4a5c2]" name="createNewPlaylistInLibraryTest" class="com.spotify.web.tests.LibraryTests"/>
        <method signature="SearchTests.verifyTrackIsDisplayedInSearchResults_WhenTrackIsSearched(java.lang.String,java.lang.String)[pri:0, instance:com.spotify.web.tests.SearchTests@128d2484]" name="verifyTrackIsDisplayedInSearchResults_WhenTrackIsSearched" class="com.spotify.web.tests.SearchTests"/>
      </group> <!-- smoke -->
    </groups>
    <test started-at="2024-07-30T09:43:51 IST" name="Test" finished-at="2024-07-30T09:45:56 IST" duration-ms="125013">
      <class name="com.spotify.web.tests.SearchTests">
        <test-method is-config="true" signature="setUp(java.lang.reflect.Method)[pri:0, instance:com.spotify.web.tests.SearchTests@128d2484]" started-at="2024-07-30T09:43:53 IST" name="setUp" finished-at="2024-07-30T09:44:00 IST" duration-ms="7134" status="PASS">
          <params>
            <param index="0">
              <value>
                <![CDATA[public void com.spotify.web.tests.SearchTests.verifyAlbumIsDisplayedInSearchResults_WhenTrackIsSearched(java.lang.String)]]>
              </value>
            </param>
          </params>
          <reporter-output>
          </reporter-output>
        </test-method> <!-- setUp -->
        <test-method is-config="true" signature="setUp(java.lang.reflect.Method)[pri:0, instance:com.spotify.web.tests.SearchTests@128d2484]" started-at="2024-07-30T09:43:53 IST" name="setUp" finished-at="2024-07-30T09:44:09 IST" duration-ms="16448" status="PASS">
          <params>
            <param index="0">
              <value>
                <![CDATA[public void com.spotify.web.tests.SearchTests.verifyTrackIsDisplayedInSearchResults_WhenTrackIsSearched(java.lang.String,java.lang.String)]]>
              </value>
            </param>
          </params>
          <reporter-output>
          </reporter-output>
        </test-method> <!-- setUp -->
        <test-method is-config="true" signature="setUp(java.lang.reflect.Method)[pri:0, instance:com.spotify.web.tests.SearchTests@128d2484]" started-at="2024-07-30T09:43:53 IST" name="setUp" finished-at="2024-07-30T09:44:00 IST" duration-ms="7136" status="PASS">
          <params>
            <param index="0">
              <value>
                <![CDATA[public void com.spotify.web.tests.SearchTests.verifyPlaylistIsDisplayedInSearchResults_WhenTrackIsSearched(java.lang.String)]]>
              </value>
            </param>
          </params>
          <reporter-output>
          </reporter-output>
        </test-method> <!-- setUp -->
        <test-method is-config="true" signature="setUp(java.lang.reflect.Method)[pri:0, instance:com.spotify.web.tests.SearchTests@128d2484]" started-at="2024-07-30T09:43:53 IST" name="setUp" finished-at="2024-07-30T09:44:00 IST" duration-ms="7121" status="PASS">
          <params>
            <param index="0">
              <value>
                <![CDATA[public void com.spotify.web.tests.SearchTests.verifyArtistIsDisplayedInSearchResults_WhenTrackIsSearched(java.lang.String)]]>
              </value>
            </param>
          </params>
          <reporter-output>
          </reporter-output>
        </test-method> <!-- setUp -->
        <test-method signature="verifyArtistIsDisplayedInSearchResults_WhenTrackIsSearched(java.lang.String)[pri:0, instance:com.spotify.web.tests.SearchTests@128d2484]" started-at="2024-07-30T09:44:00 IST" name="verifyArtistIsDisplayedInSearchResults_WhenTrackIsSearched" data-provider="getartistsTestData" finished-at="2024-07-30T09:44:15 IST" duration-ms="14559" status="PASS">
          <params>
            <param index="0">
              <value>
                <![CDATA[Anirudh]]>
              </value>
            </param>
          </params>
          <reporter-output>
          </reporter-output>
        </test-method> <!-- verifyArtistIsDisplayedInSearchResults_WhenTrackIsSearched -->
        <test-method signature="verifyAlbumIsDisplayedInSearchResults_WhenTrackIsSearched(java.lang.String)[pri:0, instance:com.spotify.web.tests.SearchTests@128d2484]" started-at="2024-07-30T09:44:00 IST" name="verifyAlbumIsDisplayedInSearchResults_WhenTrackIsSearched" data-provider="getAlbumsTestData" finished-at="2024-07-30T09:44:24 IST" duration-ms="24222" status="PASS">
          <params>
            <param index="0">
              <value>
                <![CDATA[Dangal]]>
              </value>
            </param>
          </params>
          <reporter-output>
          </reporter-output>
        </test-method> <!-- verifyAlbumIsDisplayedInSearchResults_WhenTrackIsSearched -->
        <test-method signature="verifyPlaylistIsDisplayedInSearchResults_WhenTrackIsSearched(java.lang.String)[pri:0, instance:com.spotify.web.tests.SearchTests@128d2484]" started-at="2024-07-30T09:44:00 IST" name="verifyPlaylistIsDisplayedInSearchResults_WhenTrackIsSearched" data-provider="getPlaylistsTestData" finished-at="2024-07-30T09:44:25 IST" duration-ms="24400" status="PASS">
          <params>
            <param index="0">
              <value>
                <![CDATA[Jailer]]>
              </value>
            </param>
          </params>
          <reporter-output>
          </reporter-output>
        </test-method> <!-- verifyPlaylistIsDisplayedInSearchResults_WhenTrackIsSearched -->
        <test-method signature="verifyTrackIsDisplayedInSearchResults_WhenTrackIsSearched(java.lang.String,java.lang.String)[pri:0, instance:com.spotify.web.tests.SearchTests@128d2484]" started-at="2024-07-30T09:44:09 IST" name="verifyTrackIsDisplayedInSearchResults_WhenTrackIsSearched" data-provider="getTracksTestData" finished-at="2024-07-30T09:44:34 IST" duration-ms="24601" status="PASS">
          <params>
            <param index="0">
              <value>
                <![CDATA[Vaathi Coming]]>
              </value>
            </param>
            <param index="1">
              <value>
                <![CDATA[Anirudh Ravichander]]>
              </value>
            </param>
          </params>
          <reporter-output>
          </reporter-output>
        </test-method> <!-- verifyTrackIsDisplayedInSearchResults_WhenTrackIsSearched -->
        <test-method is-config="true" signature="tearDown(org.testng.ITestResult)[pri:0, instance:com.spotify.web.tests.SearchTests@128d2484]" started-at="2024-07-30T09:44:15 IST" name="tearDown" finished-at="2024-07-30T09:44:15 IST" duration-ms="347" status="PASS">
          <params>
            <param index="0">
              <value>
                <![CDATA[[TestResult name=verifyArtistIsDisplayedInSearchResults_WhenTrackIsSearched status=SUCCESS method=SearchTests.verifyArtistIsDisplayedInSearchResults_WhenTrackIsSearched(java.lang.String)[pri:0, instance:com.spotify.web.tests.SearchTests@128d2484] output={null}]]]>
              </value>
            </param>
          </params>
          <reporter-output>
          </reporter-output>
        </test-method> <!-- tearDown -->
        <test-method is-config="true" signature="setUp(java.lang.reflect.Method)[pri:0, instance:com.spotify.web.tests.SearchTests@128d2484]" started-at="2024-07-30T09:44:15 IST" name="setUp" finished-at="2024-07-30T09:44:17 IST" duration-ms="2255" status="PASS">
          <params>
            <param index="0">
              <value>
                <![CDATA[public void com.spotify.web.tests.SearchTests.verifyArtistIsDisplayedInSearchResults_WhenTrackIsSearched(java.lang.String)]]>
              </value>
            </param>
          </params>
          <reporter-output>
          </reporter-output>
        </test-method> <!-- setUp -->
        <test-method signature="verifyArtistIsDisplayedInSearchResults_WhenTrackIsSearched(java.lang.String)[pri:0, instance:com.spotify.web.tests.SearchTests@128d2484]" started-at="2024-07-30T09:44:17 IST" name="verifyArtistIsDisplayedInSearchResults_WhenTrackIsSearched" data-provider="getartistsTestData" finished-at="2024-07-30T09:44:48 IST" duration-ms="30590" status="PASS">
          <params>
            <param index="0">
              <value>
                <![CDATA[Yuvan]]>
              </value>
            </param>
          </params>
          <reporter-output>
          </reporter-output>
        </test-method> <!-- verifyArtistIsDisplayedInSearchResults_WhenTrackIsSearched -->
        <test-method is-config="true" signature="tearDown(org.testng.ITestResult)[pri:0, instance:com.spotify.web.tests.SearchTests@128d2484]" started-at="2024-07-30T09:44:24 IST" name="tearDown" finished-at="2024-07-30T09:44:25 IST" duration-ms="459" status="PASS">
          <params>
            <param index="0">
              <value>
                <![CDATA[[TestResult name=verifyAlbumIsDisplayedInSearchResults_WhenTrackIsSearched status=SUCCESS method=SearchTests.verifyAlbumIsDisplayedInSearchResults_WhenTrackIsSearched(java.lang.String)[pri:0, instance:com.spotify.web.tests.SearchTests@128d2484] output={null}]]]>
              </value>
            </param>
          </params>
          <reporter-output>
          </reporter-output>
        </test-method> <!-- tearDown -->
        <test-method is-config="true" signature="tearDown(org.testng.ITestResult)[pri:0, instance:com.spotify.web.tests.SearchTests@128d2484]" started-at="2024-07-30T09:44:25 IST" name="tearDown" finished-at="2024-07-30T09:44:25 IST" duration-ms="384" status="PASS">
          <params>
            <param index="0">
              <value>
                <![CDATA[[TestResult name=verifyPlaylistIsDisplayedInSearchResults_WhenTrackIsSearched status=SUCCESS method=SearchTests.verifyPlaylistIsDisplayedInSearchResults_WhenTrackIsSearched(java.lang.String)[pri:0, instance:com.spotify.web.tests.SearchTests@128d2484] output={null}]]]>
              </value>
            </param>
          </params>
          <reporter-output>
          </reporter-output>
        </test-method> <!-- tearDown -->
        <test-method is-config="true" signature="setUp(java.lang.reflect.Method)[pri:0, instance:com.spotify.web.tests.SearchTests@128d2484]" started-at="2024-07-30T09:44:25 IST" name="setUp" finished-at="2024-07-30T09:44:27 IST" duration-ms="2010" status="PASS">
          <params>
            <param index="0">
              <value>
                <![CDATA[public void com.spotify.web.tests.SearchTests.verifyAlbumIsDisplayedInSearchResults_WhenTrackIsSearched(java.lang.String)]]>
              </value>
            </param>
          </params>
          <reporter-output>
          </reporter-output>
        </test-method> <!-- setUp -->
        <test-method is-config="true" signature="setUp(java.lang.reflect.Method)[pri:0, instance:com.spotify.web.tests.SearchTests@128d2484]" started-at="2024-07-30T09:44:25 IST" name="setUp" finished-at="2024-07-30T09:44:27 IST" duration-ms="2129" status="PASS">
          <params>
            <param index="0">
              <value>
                <![CDATA[public void com.spotify.web.tests.SearchTests.verifyPlaylistIsDisplayedInSearchResults_WhenTrackIsSearched(java.lang.String)]]>
              </value>
            </param>
          </params>
          <reporter-output>
          </reporter-output>
        </test-method> <!-- setUp -->
        <test-method signature="verifyAlbumIsDisplayedInSearchResults_WhenTrackIsSearched(java.lang.String)[pri:0, instance:com.spotify.web.tests.SearchTests@128d2484]" started-at="2024-07-30T09:44:27 IST" name="verifyAlbumIsDisplayedInSearchResults_WhenTrackIsSearched" data-provider="getAlbumsTestData" finished-at="2024-07-30T09:44:43 IST" duration-ms="16556" status="PASS">
          <params>
            <param index="0">
              <value>
                <![CDATA[Billa]]>
              </value>
            </param>
          </params>
          <reporter-output>
          </reporter-output>
        </test-method> <!-- verifyAlbumIsDisplayedInSearchResults_WhenTrackIsSearched -->
        <test-method signature="verifyPlaylistIsDisplayedInSearchResults_WhenTrackIsSearched(java.lang.String)[pri:0, instance:com.spotify.web.tests.SearchTests@128d2484]" started-at="2024-07-30T09:44:27 IST" name="verifyPlaylistIsDisplayedInSearchResults_WhenTrackIsSearched" data-provider="getPlaylistsTestData" finished-at="2024-07-30T09:44:46 IST" duration-ms="18940" status="PASS">
          <params>
            <param index="0">
              <value>
                <![CDATA[Beast]]>
              </value>
            </param>
          </params>
          <reporter-output>
          </reporter-output>
        </test-method> <!-- verifyPlaylistIsDisplayedInSearchResults_WhenTrackIsSearched -->
        <test-method is-config="true" signature="tearDown(org.testng.ITestResult)[pri:0, instance:com.spotify.web.tests.SearchTests@128d2484]" started-at="2024-07-30T09:44:34 IST" name="tearDown" finished-at="2024-07-30T09:44:34 IST" duration-ms="379" status="PASS">
          <params>
            <param index="0">
              <value>
                <![CDATA[[TestResult name=verifyTrackIsDisplayedInSearchResults_WhenTrackIsSearched status=SUCCESS method=SearchTests.verifyTrackIsDisplayedInSearchResults_WhenTrackIsSearched(java.lang.String,java.lang.String)[pri:0, instance:com.spotify.web.tests.SearchTests@128d2484] output={null}]]]>
              </value>
            </param>
          </params>
          <reporter-output>
          </reporter-output>
        </test-method> <!-- tearDown -->
        <test-method is-config="true" signature="setUp(java.lang.reflect.Method)[pri:0, instance:com.spotify.web.tests.SearchTests@128d2484]" started-at="2024-07-30T09:44:34 IST" name="setUp" finished-at="2024-07-30T09:44:37 IST" duration-ms="2238" status="PASS">
          <params>
            <param index="0">
              <value>
                <![CDATA[public void com.spotify.web.tests.SearchTests.verifyTrackIsDisplayedInSearchResults_WhenTrackIsSearched(java.lang.String,java.lang.String)]]>
              </value>
            </param>
          </params>
          <reporter-output>
          </reporter-output>
        </test-method> <!-- setUp -->
        <test-method signature="verifyTrackIsDisplayedInSearchResults_WhenTrackIsSearched(java.lang.String,java.lang.String)[pri:0, instance:com.spotify.web.tests.SearchTests@128d2484]" started-at="2024-07-30T09:44:37 IST" name="verifyTrackIsDisplayedInSearchResults_WhenTrackIsSearched" data-provider="getTracksTestData" finished-at="2024-07-30T09:44:52 IST" duration-ms="15089" status="PASS">
          <params>
            <param index="0">
              <value>
                <![CDATA[Ordinary Person]]>
              </value>
            </param>
            <param index="1">
              <value>
                <![CDATA[Anirudh Ravichander]]>
              </value>
            </param>
          </params>
          <reporter-output>
          </reporter-output>
        </test-method> <!-- verifyTrackIsDisplayedInSearchResults_WhenTrackIsSearched -->
        <test-method is-config="true" signature="tearDown(org.testng.ITestResult)[pri:0, instance:com.spotify.web.tests.SearchTests@128d2484]" started-at="2024-07-30T09:44:43 IST" name="tearDown" finished-at="2024-07-30T09:44:44 IST" duration-ms="399" status="PASS">
          <params>
            <param index="0">
              <value>
                <![CDATA[[TestResult name=verifyAlbumIsDisplayedInSearchResults_WhenTrackIsSearched status=SUCCESS method=SearchTests.verifyAlbumIsDisplayedInSearchResults_WhenTrackIsSearched(java.lang.String)[pri:0, instance:com.spotify.web.tests.SearchTests@128d2484] output={null}]]]>
              </value>
            </param>
          </params>
          <reporter-output>
          </reporter-output>
        </test-method> <!-- tearDown -->
        <test-method is-config="true" signature="tearDown(org.testng.ITestResult)[pri:0, instance:com.spotify.web.tests.SearchTests@128d2484]" started-at="2024-07-30T09:44:46 IST" name="tearDown" finished-at="2024-07-30T09:44:46 IST" duration-ms="458" status="PASS">
          <params>
            <param index="0">
              <value>
                <![CDATA[[TestResult name=verifyPlaylistIsDisplayedInSearchResults_WhenTrackIsSearched status=SUCCESS method=SearchTests.verifyPlaylistIsDisplayedInSearchResults_WhenTrackIsSearched(java.lang.String)[pri:0, instance:com.spotify.web.tests.SearchTests@128d2484] output={null}]]]>
              </value>
            </param>
          </params>
          <reporter-output>
          </reporter-output>
        </test-method> <!-- tearDown -->
        <test-method is-config="true" signature="tearDown(org.testng.ITestResult)[pri:0, instance:com.spotify.web.tests.SearchTests@128d2484]" started-at="2024-07-30T09:44:48 IST" name="tearDown" finished-at="2024-07-30T09:44:49 IST" duration-ms="644" status="PASS">
          <params>
            <param index="0">
              <value>
                <![CDATA[[TestResult name=verifyArtistIsDisplayedInSearchResults_WhenTrackIsSearched status=SUCCESS method=SearchTests.verifyArtistIsDisplayedInSearchResults_WhenTrackIsSearched(java.lang.String)[pri:0, instance:com.spotify.web.tests.SearchTests@128d2484] output={null}]]]>
              </value>
            </param>
          </params>
          <reporter-output>
          </reporter-output>
        </test-method> <!-- tearDown -->
        <test-method is-config="true" signature="tearDown(org.testng.ITestResult)[pri:0, instance:com.spotify.web.tests.SearchTests@128d2484]" started-at="2024-07-30T09:44:52 IST" name="tearDown" finished-at="2024-07-30T09:44:52 IST" duration-ms="349" status="PASS">
          <params>
            <param index="0">
              <value>
                <![CDATA[[TestResult name=verifyTrackIsDisplayedInSearchResults_WhenTrackIsSearched status=SUCCESS method=SearchTests.verifyTrackIsDisplayedInSearchResults_WhenTrackIsSearched(java.lang.String,java.lang.String)[pri:0, instance:com.spotify.web.tests.SearchTests@128d2484] output={null}]]]>
              </value>
            </param>
          </params>
          <reporter-output>
          </reporter-output>
        </test-method> <!-- tearDown -->
      </class> <!-- com.spotify.web.tests.SearchTests -->
      <class name="com.spotify.web.tests.AlbumTests">
        <test-method is-config="true" signature="setUp(java.lang.reflect.Method)[pri:0, instance:com.spotify.web.tests.AlbumTests@557caf28]" started-at="2024-07-30T09:44:52 IST" name="setUp" finished-at="2024-07-30T09:45:08 IST" duration-ms="16314" status="PASS">
          <params>
            <param index="0">
              <value>
                <![CDATA[public void com.spotify.web.tests.AlbumTests.addAlbumToLibraryTest(java.lang.String,java.lang.String)]]>
              </value>
            </param>
          </params>
          <reporter-output>
          </reporter-output>
        </test-method> <!-- setUp -->
        <test-method is-config="true" signature="setUp(java.lang.reflect.Method)[pri:0, instance:com.spotify.web.tests.AlbumTests@557caf28]" started-at="2024-07-30T09:45:08 IST" name="setUp" finished-at="2024-07-30T09:45:22 IST" duration-ms="13232" status="PASS">
          <params>
            <param index="0">
              <value>
                <![CDATA[public void com.spotify.web.tests.AlbumTests.removeAlbumFromLibraryTest(java.lang.String,java.lang.String)]]>
              </value>
            </param>
          </params>
          <reporter-output>
          </reporter-output>
        </test-method> <!-- setUp -->
        <test-method signature="addAlbumToLibraryTest(java.lang.String,java.lang.String)[pri:0, instance:com.spotify.web.tests.AlbumTests@557caf28]" started-at="2024-07-30T09:45:08 IST" name="addAlbumToLibraryTest" data-provider="getAlbumsTestData" finished-at="2024-07-30T09:45:15 IST" duration-ms="6911" status="PASS">
          <params>
            <param index="0">
              <value>
                <![CDATA[354TJOapvmkc4JCxi9vJHh]]>
              </value>
            </param>
            <param index="1">
              <value>
                <![CDATA[Dangal]]>
              </value>
            </param>
          </params>
          <reporter-output>
          </reporter-output>
        </test-method> <!-- addAlbumToLibraryTest -->
        <test-method is-config="true" signature="tearDown(org.testng.ITestResult)[pri:0, instance:com.spotify.web.tests.AlbumTests@557caf28]" started-at="2024-07-30T09:45:15 IST" name="tearDown" finished-at="2024-07-30T09:45:16 IST" duration-ms="388" status="PASS">
          <params>
            <param index="0">
              <value>
                <![CDATA[[TestResult name=addAlbumToLibraryTest status=SUCCESS method=AlbumTests.addAlbumToLibraryTest(java.lang.String,java.lang.String)[pri:0, instance:com.spotify.web.tests.AlbumTests@557caf28] output={null}]]]>
              </value>
            </param>
          </params>
          <reporter-output>
          </reporter-output>
        </test-method> <!-- tearDown -->
        <test-method is-config="true" signature="setUp(java.lang.reflect.Method)[pri:0, instance:com.spotify.web.tests.AlbumTests@557caf28]" started-at="2024-07-30T09:45:16 IST" name="setUp" finished-at="2024-07-30T09:45:30 IST" duration-ms="14151" status="PASS">
          <params>
            <param index="0">
              <value>
                <![CDATA[public void com.spotify.web.tests.AlbumTests.addAlbumToLibraryTest(java.lang.String,java.lang.String)]]>
              </value>
            </param>
          </params>
          <reporter-output>
          </reporter-output>
        </test-method> <!-- setUp -->
        <test-method signature="removeAlbumFromLibraryTest(java.lang.String,java.lang.String)[pri:0, instance:com.spotify.web.tests.AlbumTests@557caf28]" started-at="2024-07-30T09:45:22 IST" name="removeAlbumFromLibraryTest" data-provider="getAlbumsTestData" finished-at="2024-07-30T09:45:27 IST" duration-ms="5633" status="PASS">
          <params>
            <param index="0">
              <value>
                <![CDATA[354TJOapvmkc4JCxi9vJHh]]>
              </value>
            </param>
            <param index="1">
              <value>
                <![CDATA[Dangal]]>
              </value>
            </param>
          </params>
          <reporter-output>
          </reporter-output>
        </test-method> <!-- removeAlbumFromLibraryTest -->
        <test-method is-config="true" signature="tearDown(org.testng.ITestResult)[pri:0, instance:com.spotify.web.tests.AlbumTests@557caf28]" started-at="2024-07-30T09:45:27 IST" name="tearDown" finished-at="2024-07-30T09:45:28 IST" duration-ms="375" status="PASS">
          <params>
            <param index="0">
              <value>
                <![CDATA[[TestResult name=removeAlbumFromLibraryTest status=SUCCESS method=AlbumTests.removeAlbumFromLibraryTest(java.lang.String,java.lang.String)[pri:0, instance:com.spotify.web.tests.AlbumTests@557caf28] output={null}]]]>
              </value>
            </param>
          </params>
          <reporter-output>
          </reporter-output>
        </test-method> <!-- tearDown -->
        <test-method is-config="true" signature="setUp(java.lang.reflect.Method)[pri:0, instance:com.spotify.web.tests.AlbumTests@557caf28]" started-at="2024-07-30T09:45:28 IST" name="setUp" finished-at="2024-07-30T09:45:50 IST" duration-ms="22534" status="PASS">
          <params>
            <param index="0">
              <value>
                <![CDATA[public void com.spotify.web.tests.AlbumTests.removeAlbumFromLibraryTest(java.lang.String,java.lang.String)]]>
              </value>
            </param>
          </params>
          <reporter-output>
          </reporter-output>
        </test-method> <!-- setUp -->
        <test-method signature="addAlbumToLibraryTest(java.lang.String,java.lang.String)[pri:0, instance:com.spotify.web.tests.AlbumTests@557caf28]" started-at="2024-07-30T09:45:30 IST" name="addAlbumToLibraryTest" data-provider="getAlbumsTestData" finished-at="2024-07-30T09:45:36 IST" duration-ms="5688" status="PASS">
          <params>
            <param index="0">
              <value>
                <![CDATA[0EzDV9L2TAYuQNO5NVos5F]]>
              </value>
            </param>
            <param index="1">
              <value>
                <![CDATA[Billa]]>
              </value>
            </param>
          </params>
          <reporter-output>
          </reporter-output>
        </test-method> <!-- addAlbumToLibraryTest -->
        <test-method is-config="true" signature="tearDown(org.testng.ITestResult)[pri:0, instance:com.spotify.web.tests.AlbumTests@557caf28]" started-at="2024-07-30T09:45:36 IST" name="tearDown" finished-at="2024-07-30T09:45:36 IST" duration-ms="401" status="PASS">
          <params>
            <param index="0">
              <value>
                <![CDATA[[TestResult name=addAlbumToLibraryTest status=SUCCESS method=AlbumTests.addAlbumToLibraryTest(java.lang.String,java.lang.String)[pri:0, instance:com.spotify.web.tests.AlbumTests@557caf28] output={null}]]]>
              </value>
            </param>
          </params>
          <reporter-output>
          </reporter-output>
        </test-method> <!-- tearDown -->
        <test-method signature="removeAlbumFromLibraryTest(java.lang.String,java.lang.String)[pri:0, instance:com.spotify.web.tests.AlbumTests@557caf28]" started-at="2024-07-30T09:45:50 IST" name="removeAlbumFromLibraryTest" data-provider="getAlbumsTestData" finished-at="2024-07-30T09:45:55 IST" duration-ms="5159" status="PASS">
          <params>
            <param index="0">
              <value>
                <![CDATA[0EzDV9L2TAYuQNO5NVos5F]]>
              </value>
            </param>
            <param index="1">
              <value>
                <![CDATA[Billa]]>
              </value>
            </param>
          </params>
          <reporter-output>
          </reporter-output>
        </test-method> <!-- removeAlbumFromLibraryTest -->
        <test-method is-config="true" signature="tearDown(org.testng.ITestResult)[pri:0, instance:com.spotify.web.tests.AlbumTests@557caf28]" started-at="2024-07-30T09:45:55 IST" name="tearDown" finished-at="2024-07-30T09:45:56 IST" duration-ms="469" status="PASS">
          <params>
            <param index="0">
              <value>
                <![CDATA[[TestResult name=removeAlbumFromLibraryTest status=SUCCESS method=AlbumTests.removeAlbumFromLibraryTest(java.lang.String,java.lang.String)[pri:0, instance:com.spotify.web.tests.AlbumTests@557caf28] output={null}]]]>
              </value>
            </param>
          </params>
          <reporter-output>
          </reporter-output>
        </test-method> <!-- tearDown -->
      </class> <!-- com.spotify.web.tests.AlbumTests -->
      <class name="com.spotify.web.tests.LibraryTests">
        <test-method is-config="true" signature="setUp(java.lang.reflect.Method)[pri:0, instance:com.spotify.web.tests.LibraryTests@75d4a5c2]" started-at="2024-07-30T09:44:44 IST" name="setUp" finished-at="2024-07-30T09:44:57 IST" duration-ms="13089" status="PASS">
          <params>
            <param index="0">
              <value>
                <![CDATA[public void com.spotify.web.tests.LibraryTests.changePlaylistNameinLibraryTest(java.lang.String,java.lang.String)]]>
              </value>
            </param>
          </params>
          <reporter-output>
          </reporter-output>
        </test-method> <!-- setUp -->
        <test-method is-config="true" signature="setUp(java.lang.reflect.Method)[pri:0, instance:com.spotify.web.tests.LibraryTests@75d4a5c2]" started-at="2024-07-30T09:44:46 IST" name="setUp" finished-at="2024-07-30T09:45:00 IST" duration-ms="13331" status="PASS">
          <params>
            <param index="0">
              <value>
                <![CDATA[public void com.spotify.web.tests.LibraryTests.createNewPlaylistInLibraryTest() throws java.lang.InterruptedException]]>
              </value>
            </param>
          </params>
          <reporter-output>
          </reporter-output>
        </test-method> <!-- setUp -->
        <test-method is-config="true" signature="setUp(java.lang.reflect.Method)[pri:0, instance:com.spotify.web.tests.LibraryTests@75d4a5c2]" started-at="2024-07-30T09:44:49 IST" name="setUp" finished-at="2024-07-30T09:45:14 IST" duration-ms="25003" status="PASS">
          <params>
            <param index="0">
              <value>
                <![CDATA[public void com.spotify.web.tests.LibraryTests.deletePlaylistInLibraryTest(java.lang.String)]]>
              </value>
            </param>
          </params>
          <reporter-output>
          </reporter-output>
        </test-method> <!-- setUp -->
        <test-method signature="changePlaylistNameinLibraryTest(java.lang.String,java.lang.String)[pri:0, instance:com.spotify.web.tests.LibraryTests@75d4a5c2]" started-at="2024-07-30T09:44:57 IST" name="changePlaylistNameinLibraryTest" data-provider="changePlaylistNameTestData" finished-at="2024-07-30T09:45:13 IST" duration-ms="15900" status="PASS">
          <params>
            <param index="0">
              <value>
                <![CDATA[My Playlist #1]]>
              </value>
            </param>
            <param index="1">
              <value>
                <![CDATA[Updated Playlist]]>
              </value>
            </param>
          </params>
          <reporter-output>
          </reporter-output>
        </test-method> <!-- changePlaylistNameinLibraryTest -->
        <test-method signature="createNewPlaylistInLibraryTest()[pri:0, instance:com.spotify.web.tests.LibraryTests@75d4a5c2]" started-at="2024-07-30T09:45:00 IST" name="createNewPlaylistInLibraryTest" finished-at="2024-07-30T09:45:08 IST" duration-ms="8055" status="PASS">
          <reporter-output>
          </reporter-output>
        </test-method> <!-- createNewPlaylistInLibraryTest -->
        <test-method is-config="true" signature="tearDown(org.testng.ITestResult)[pri:0, instance:com.spotify.web.tests.LibraryTests@75d4a5c2]" started-at="2024-07-30T09:45:08 IST" name="tearDown" finished-at="2024-07-30T09:45:08 IST" duration-ms="549" status="PASS">
          <params>
            <param index="0">
              <value>
                <![CDATA[[TestResult name=createNewPlaylistInLibraryTest status=SUCCESS method=LibraryTests.createNewPlaylistInLibraryTest()[pri:0, instance:com.spotify.web.tests.LibraryTests@75d4a5c2] output={null}]]]>
              </value>
            </param>
          </params>
          <reporter-output>
          </reporter-output>
        </test-method> <!-- tearDown -->
        <test-method is-config="true" signature="tearDown(org.testng.ITestResult)[pri:0, instance:com.spotify.web.tests.LibraryTests@75d4a5c2]" started-at="2024-07-30T09:45:13 IST" name="tearDown" finished-at="2024-07-30T09:45:13 IST" duration-ms="571" status="PASS">
          <params>
            <param index="0">
              <value>
                <![CDATA[[TestResult name=changePlaylistNameinLibraryTest status=SUCCESS method=LibraryTests.changePlaylistNameinLibraryTest(java.lang.String,java.lang.String)[pri:0, instance:com.spotify.web.tests.LibraryTests@75d4a5c2] output={null}]]]>
              </value>
            </param>
          </params>
          <reporter-output>
          </reporter-output>
        </test-method> <!-- tearDown -->
        <test-method signature="deletePlaylistInLibraryTest(java.lang.String)[pri:0, instance:com.spotify.web.tests.LibraryTests@75d4a5c2]" started-at="2024-07-30T09:45:14 IST" name="deletePlaylistInLibraryTest" data-provider="deletePlaylistTestData" finished-at="2024-07-30T09:45:29 IST" duration-ms="15429" status="PASS">
          <params>
            <param index="0">
              <value>
                <![CDATA[Updated Playlist]]>
              </value>
            </param>
          </params>
          <reporter-output>
          </reporter-output>
        </test-method> <!-- deletePlaylistInLibraryTest -->
        <test-method is-config="true" signature="tearDown(org.testng.ITestResult)[pri:0, instance:com.spotify.web.tests.LibraryTests@75d4a5c2]" started-at="2024-07-30T09:45:29 IST" name="tearDown" finished-at="2024-07-30T09:45:31 IST" duration-ms="2327" status="PASS">
          <params>
            <param index="0">
              <value>
                <![CDATA[[TestResult name=deletePlaylistInLibraryTest status=SUCCESS method=LibraryTests.deletePlaylistInLibraryTest(java.lang.String)[pri:0, instance:com.spotify.web.tests.LibraryTests@75d4a5c2] output={null}]]]>
              </value>
            </param>
          </params>
          <reporter-output>
          </reporter-output>
        </test-method> <!-- tearDown -->
      </class> <!-- com.spotify.web.tests.LibraryTests -->
    </test> <!-- Test -->
  </suite> <!-- Regression -->
</testng-results>
