<?xml version="1.0" encoding="UTF-8"?>
<testng-results ignored="0" total="2" passed="2" failed="0" skipped="0">
  <reporter-output>
  </reporter-output>
  <suite started-at="2024-07-17T21:53:06 IST" name="Default suite" finished-at="2024-07-17T21:53:51 IST" duration-ms="45911">
    <groups>
    </groups>
    <test started-at="2024-07-17T21:53:06 IST" name="Default test" finished-at="2024-07-17T21:53:51 IST" duration-ms="45911">
      <class name="com.spotify.web.tests.SearchTests">
        <test-method is-config="true" signature="setUp()[pri:0, instance:com.spotify.web.tests.SearchTests@799f10e1]" started-at="2024-07-17T21:53:06 IST" name="setUp" finished-at="2024-07-17T21:53:21 IST" duration-ms="15389" status="PASS">
          <reporter-output>
          </reporter-output>
        </test-method> <!-- setUp -->
        <test-method signature="searchedSongInResultsTest(java.lang.String,java.lang.String)[pri:0, instance:com.spotify.web.tests.SearchTests@799f10e1]" started-at="2024-07-17T21:53:21 IST" name="searchedSongInResultsTest" data-provider="searchSongTestData" finished-at="2024-07-17T21:53:30 IST" duration-ms="8376" status="PASS">
          <params>
            <param index="0">
              <value>
                <![CDATA[Vaathi Coming]]>
              </value>
            </param>
            <param index="1">
              <value>
                <![CDATA[Anirudh Ravichander]]>
              </value>
            </param>
          </params>
          <reporter-output>
          </reporter-output>
        </test-method> <!-- searchedSongInResultsTest -->
        <test-method is-config="true" signature="tearDown()[pri:0, instance:com.spotify.web.tests.SearchTests@799f10e1]" started-at="2024-07-17T21:53:30 IST" name="tearDown" finished-at="2024-07-17T21:53:30 IST" duration-ms="268" status="PASS">
          <reporter-output>
          </reporter-output>
        </test-method> <!-- tearDown -->
        <test-method is-config="true" signature="setUp()[pri:0, instance:com.spotify.web.tests.SearchTests@799f10e1]" started-at="2024-07-17T21:53:30 IST" name="setUp" finished-at="2024-07-17T21:53:43 IST" duration-ms="13426" status="PASS">
          <reporter-output>
          </reporter-output>
        </test-method> <!-- setUp -->
        <test-method signature="searchedSongInResultsTest(java.lang.String,java.lang.String)[pri:0, instance:com.spotify.web.tests.SearchTests@799f10e1]" started-at="2024-07-17T21:53:43 IST" name="searchedSongInResultsTest" data-provider="searchSongTestData" finished-at="2024-07-17T21:53:51 IST" duration-ms="7762" status="PASS">
          <params>
            <param index="0">
              <value>
                <![CDATA[Ordinary Person]]>
              </value>
            </param>
            <param index="1">
              <value>
                <![CDATA[Anirudh Ravichander]]>
              </value>
            </param>
          </params>
          <reporter-output>
          </reporter-output>
        </test-method> <!-- searchedSongInResultsTest -->
        <test-method is-config="true" signature="tearDown()[pri:0, instance:com.spotify.web.tests.SearchTests@799f10e1]" started-at="2024-07-17T21:53:51 IST" name="tearDown" finished-at="2024-07-17T21:53:51 IST" duration-ms="252" status="PASS">
          <reporter-output>
          </reporter-output>
        </test-method> <!-- tearDown -->
      </class> <!-- com.spotify.web.tests.SearchTests -->
    </test> <!-- Default test -->
  </suite> <!-- Default suite -->
</testng-results>
