<?xml version="1.0" encoding="UTF-8"?>
<testng-results ignored="0" total="1" passed="1" failed="0" skipped="0">
  <reporter-output>
  </reporter-output>
  <suite started-at="2024-08-09T09:43:13 IST" name="Default suite" finished-at="2024-08-09T09:43:15 IST" duration-ms="2068">
    <groups>
    </groups>
    <test started-at="2024-08-09T09:43:13 IST" name="Default test" finished-at="2024-08-09T09:43:15 IST" duration-ms="2068">
      <class name="com.spotify.api.SearchTests">
        <test-method signature="searchSongsTest()[pri:0, instance:com.spotify.api.SearchTests@2a8d39c4]" started-at="2024-08-09T09:43:13 IST" name="searchSongsTest" finished-at="2024-08-09T09:43:15 IST" duration-ms="2020" status="PASS">
          <reporter-output>
          </reporter-output>
        </test-method> <!-- searchSongsTest -->
      </class> <!-- com.spotify.api.SearchTests -->
    </test> <!-- Default test -->
  </suite> <!-- Default suite -->
</testng-results>
