<?xml version="1.0" encoding="UTF-8"?>
<testng-results ignored="0" total="4" passed="4" failed="0" skipped="0">
  <reporter-output>
  </reporter-output>
  <suite started-at="2024-07-20T02:55:01 IST" name="Default suite" finished-at="2024-07-20T02:55:52 IST" duration-ms="50498">
    <groups>
    </groups>
    <test started-at="2024-07-20T02:55:01 IST" name="Default test" finished-at="2024-07-20T02:55:52 IST" duration-ms="50498">
      <class name="com.spotify.web.tests.SearchTests">
        <test-method is-config="true" signature="setUp(java.lang.reflect.Method)[pri:0, instance:com.spotify.web.tests.SearchTests@55183b20]" started-at="2024-07-20T02:55:01 IST" name="setUp" finished-at="2024-07-20T02:55:03 IST" duration-ms="1986" status="PASS">
          <params>
            <param index="0">
              <value>
                <![CDATA[public void com.spotify.web.tests.SearchTests.searchPlaylistInResultsTest(java.lang.String)]]>
              </value>
            </param>
          </params>
          <reporter-output>
          </reporter-output>
        </test-method> <!-- setUp -->
        <test-method signature="searchPlaylistInResultsTest(java.lang.String)[pri:0, instance:com.spotify.web.tests.SearchTests@55183b20]" started-at="2024-07-20T02:55:03 IST" name="searchPlaylistInResultsTest" data-provider="getPlaylistTestData" finished-at="2024-07-20T02:55:15 IST" duration-ms="11149" status="PASS">
          <params>
            <param index="0">
              <value>
                <![CDATA[Jailer]]>
              </value>
            </param>
          </params>
          <reporter-output>
          </reporter-output>
        </test-method> <!-- searchPlaylistInResultsTest -->
        <test-method is-config="true" signature="tearDown()[pri:0, instance:com.spotify.web.tests.SearchTests@55183b20]" started-at="2024-07-20T02:55:15 IST" name="tearDown" finished-at="2024-07-20T02:55:15 IST" duration-ms="418" status="PASS">
          <reporter-output>
          </reporter-output>
        </test-method> <!-- tearDown -->
        <test-method is-config="true" signature="setUp(java.lang.reflect.Method)[pri:0, instance:com.spotify.web.tests.SearchTests@55183b20]" started-at="2024-07-20T02:55:15 IST" name="setUp" finished-at="2024-07-20T02:55:16 IST" duration-ms="1303" status="PASS">
          <params>
            <param index="0">
              <value>
                <![CDATA[public void com.spotify.web.tests.SearchTests.searchPlaylistInResultsTest(java.lang.String)]]>
              </value>
            </param>
          </params>
          <reporter-output>
          </reporter-output>
        </test-method> <!-- setUp -->
        <test-method signature="searchPlaylistInResultsTest(java.lang.String)[pri:0, instance:com.spotify.web.tests.SearchTests@55183b20]" started-at="2024-07-20T02:55:16 IST" name="searchPlaylistInResultsTest" data-provider="getPlaylistTestData" finished-at="2024-07-20T02:55:27 IST" duration-ms="10476" status="PASS">
          <params>
            <param index="0">
              <value>
                <![CDATA[Beast]]>
              </value>
            </param>
          </params>
          <reporter-output>
          </reporter-output>
        </test-method> <!-- searchPlaylistInResultsTest -->
        <test-method is-config="true" signature="tearDown()[pri:0, instance:com.spotify.web.tests.SearchTests@55183b20]" started-at="2024-07-20T02:55:27 IST" name="tearDown" finished-at="2024-07-20T02:55:27 IST" duration-ms="377" status="PASS">
          <reporter-output>
          </reporter-output>
        </test-method> <!-- tearDown -->
        <test-method is-config="true" signature="setUp(java.lang.reflect.Method)[pri:0, instance:com.spotify.web.tests.SearchTests@55183b20]" started-at="2024-07-20T02:55:27 IST" name="setUp" finished-at="2024-07-20T02:55:28 IST" duration-ms="1280" status="PASS">
          <params>
            <param index="0">
              <value>
                <![CDATA[public void com.spotify.web.tests.SearchTests.searchedSongInResultsTest(java.lang.String,java.lang.String)]]>
              </value>
            </param>
          </params>
          <reporter-output>
          </reporter-output>
        </test-method> <!-- setUp -->
        <test-method signature="searchedSongInResultsTest(java.lang.String,java.lang.String)[pri:0, instance:com.spotify.web.tests.SearchTests@55183b20]" started-at="2024-07-20T02:55:28 IST" name="searchedSongInResultsTest" data-provider="getSongTestData" finished-at="2024-07-20T02:55:39 IST" duration-ms="10346" status="PASS">
          <params>
            <param index="0">
              <value>
                <![CDATA[Vaathi Coming]]>
              </value>
            </param>
            <param index="1">
              <value>
                <![CDATA[Anirudh Ravichander]]>
              </value>
            </param>
          </params>
          <reporter-output>
          </reporter-output>
        </test-method> <!-- searchedSongInResultsTest -->
        <test-method is-config="true" signature="tearDown()[pri:0, instance:com.spotify.web.tests.SearchTests@55183b20]" started-at="2024-07-20T02:55:39 IST" name="tearDown" finished-at="2024-07-20T02:55:39 IST" duration-ms="425" status="PASS">
          <reporter-output>
          </reporter-output>
        </test-method> <!-- tearDown -->
        <test-method is-config="true" signature="setUp(java.lang.reflect.Method)[pri:0, instance:com.spotify.web.tests.SearchTests@55183b20]" started-at="2024-07-20T02:55:39 IST" name="setUp" finished-at="2024-07-20T02:55:41 IST" duration-ms="1345" status="PASS">
          <params>
            <param index="0">
              <value>
                <![CDATA[public void com.spotify.web.tests.SearchTests.searchedSongInResultsTest(java.lang.String,java.lang.String)]]>
              </value>
            </param>
          </params>
          <reporter-output>
          </reporter-output>
        </test-method> <!-- setUp -->
        <test-method signature="searchedSongInResultsTest(java.lang.String,java.lang.String)[pri:0, instance:com.spotify.web.tests.SearchTests@55183b20]" started-at="2024-07-20T02:55:41 IST" name="searchedSongInResultsTest" data-provider="getSongTestData" finished-at="2024-07-20T02:55:51 IST" duration-ms="10485" status="PASS">
          <params>
            <param index="0">
              <value>
                <![CDATA[Ordinary Person]]>
              </value>
            </param>
            <param index="1">
              <value>
                <![CDATA[Anirudh Ravichander]]>
              </value>
            </param>
          </params>
          <reporter-output>
          </reporter-output>
        </test-method> <!-- searchedSongInResultsTest -->
        <test-method is-config="true" signature="tearDown()[pri:0, instance:com.spotify.web.tests.SearchTests@55183b20]" started-at="2024-07-20T02:55:51 IST" name="tearDown" finished-at="2024-07-20T02:55:52 IST" duration-ms="474" status="PASS">
          <reporter-output>
          </reporter-output>
        </test-method> <!-- tearDown -->
      </class> <!-- com.spotify.web.tests.SearchTests -->
    </test> <!-- Default test -->
  </suite> <!-- Default suite -->
</testng-results>
