<?xml version="1.0" encoding="UTF-8"?>
<testng-results ignored="0" total="2" passed="2" failed="0" skipped="0">
  <reporter-output>
  </reporter-output>
  <suite started-at="2024-08-04T18:58:24 IST" name="Default suite" finished-at="2024-08-04T18:58:46 IST" duration-ms="21903">
    <groups>
      <group name="regression">
        <method signature="SearchTests.verifyTrackIsDisplayedInSearchResults_WhenTrackIsSearched(java.lang.String,java.lang.String)[pri:0, instance:com.spotify.web.tests.SearchTests@4c371370]" name="verifyTrackIsDisplayedInSearchResults_WhenTrackIsSearched" class="com.spotify.web.tests.SearchTests"/>
      </group> <!-- regression -->
      <group name="smoke">
        <method signature="SearchTests.verifyTrackIsDisplayedInSearchResults_WhenTrackIsSearched(java.lang.String,java.lang.String)[pri:0, instance:com.spotify.web.tests.SearchTests@4c371370]" name="verifyTrackIsDisplayedInSearchResults_WhenTrackIsSearched" class="com.spotify.web.tests.SearchTests"/>
      </group> <!-- smoke -->
    </groups>
    <test started-at="2024-08-04T18:58:24 IST" name="Default test" finished-at="2024-08-04T18:58:46 IST" duration-ms="21903">
      <class name="com.spotify.web.tests.SearchTests">
        <test-method is-config="true" signature="setUp(java.lang.reflect.Method)[pri:0, instance:com.spotify.web.tests.SearchTests@4c371370]" started-at="2024-08-04T18:58:25 IST" name="setUp" finished-at="2024-08-04T18:58:26 IST" duration-ms="1489" status="PASS">
          <params>
            <param index="0">
              <value>
                <![CDATA[public void com.spotify.web.tests.SearchTests.verifyTrackIsDisplayedInSearchResults_WhenTrackIsSearched(java.lang.String,java.lang.String)]]>
              </value>
            </param>
          </params>
          <reporter-output>
          </reporter-output>
        </test-method> <!-- setUp -->
        <test-method signature="verifyTrackIsDisplayedInSearchResults_WhenTrackIsSearched(java.lang.String,java.lang.String)[pri:0, instance:com.spotify.web.tests.SearchTests@4c371370]" started-at="2024-08-04T18:58:26 IST" name="verifyTrackIsDisplayedInSearchResults_WhenTrackIsSearched" data-provider="getTracksTestData" finished-at="2024-08-04T18:58:36 IST" duration-ms="9345" status="PASS">
          <params>
            <param index="0">
              <value>
                <![CDATA[Vaathi Coming]]>
              </value>
            </param>
            <param index="1">
              <value>
                <![CDATA[Anirudh Ravichander]]>
              </value>
            </param>
          </params>
          <reporter-output>
          </reporter-output>
        </test-method> <!-- verifyTrackIsDisplayedInSearchResults_WhenTrackIsSearched -->
        <test-method is-config="true" signature="tearDown(org.testng.ITestResult,java.lang.reflect.Method)[pri:0, instance:com.spotify.web.tests.SearchTests@4c371370]" started-at="2024-08-04T18:58:36 IST" name="tearDown" finished-at="2024-08-04T18:58:36 IST" duration-ms="179" status="PASS">
          <params>
            <param index="0">
              <value>
                <![CDATA[[TestResult name=verifyTrackIsDisplayedInSearchResults_WhenTrackIsSearched status=SUCCESS method=SearchTests.verifyTrackIsDisplayedInSearchResults_WhenTrackIsSearched(java.lang.String,java.lang.String)[pri:0, instance:com.spotify.web.tests.SearchTests@4c371370] output={null}]]]>
              </value>
            </param>
            <param index="1">
              <value>
                <![CDATA[public void com.spotify.web.tests.SearchTests.verifyTrackIsDisplayedInSearchResults_WhenTrackIsSearched(java.lang.String,java.lang.String)]]>
              </value>
            </param>
          </params>
          <reporter-output>
          </reporter-output>
        </test-method> <!-- tearDown -->
        <test-method is-config="true" signature="setUp(java.lang.reflect.Method)[pri:0, instance:com.spotify.web.tests.SearchTests@4c371370]" started-at="2024-08-04T18:58:36 IST" name="setUp" finished-at="2024-08-04T18:58:37 IST" duration-ms="1043" status="PASS">
          <params>
            <param index="0">
              <value>
                <![CDATA[public void com.spotify.web.tests.SearchTests.verifyTrackIsDisplayedInSearchResults_WhenTrackIsSearched(java.lang.String,java.lang.String)]]>
              </value>
            </param>
          </params>
          <reporter-output>
          </reporter-output>
        </test-method> <!-- setUp -->
        <test-method signature="verifyTrackIsDisplayedInSearchResults_WhenTrackIsSearched(java.lang.String,java.lang.String)[pri:0, instance:com.spotify.web.tests.SearchTests@4c371370]" started-at="2024-08-04T18:58:37 IST" name="verifyTrackIsDisplayedInSearchResults_WhenTrackIsSearched" data-provider="getTracksTestData" finished-at="2024-08-04T18:58:46 IST" duration-ms="8992" status="PASS">
          <params>
            <param index="0">
              <value>
                <![CDATA[Ordinary Person]]>
              </value>
            </param>
            <param index="1">
              <value>
                <![CDATA[Anirudh Ravichander]]>
              </value>
            </param>
          </params>
          <reporter-output>
          </reporter-output>
        </test-method> <!-- verifyTrackIsDisplayedInSearchResults_WhenTrackIsSearched -->
        <test-method is-config="true" signature="tearDown(org.testng.ITestResult,java.lang.reflect.Method)[pri:0, instance:com.spotify.web.tests.SearchTests@4c371370]" started-at="2024-08-04T18:58:46 IST" name="tearDown" finished-at="2024-08-04T18:58:46 IST" duration-ms="186" status="PASS">
          <params>
            <param index="0">
              <value>
                <![CDATA[[TestResult name=verifyTrackIsDisplayedInSearchResults_WhenTrackIsSearched status=SUCCESS method=SearchTests.verifyTrackIsDisplayedInSearchResults_WhenTrackIsSearched(java.lang.String,java.lang.String)[pri:0, instance:com.spotify.web.tests.SearchTests@4c371370] output={null}]]]>
              </value>
            </param>
            <param index="1">
              <value>
                <![CDATA[public void com.spotify.web.tests.SearchTests.verifyTrackIsDisplayedInSearchResults_WhenTrackIsSearched(java.lang.String,java.lang.String)]]>
              </value>
            </param>
          </params>
          <reporter-output>
          </reporter-output>
        </test-method> <!-- tearDown -->
      </class> <!-- com.spotify.web.tests.SearchTests -->
    </test> <!-- Default test -->
  </suite> <!-- Default suite -->
</testng-results>
