<?xml version="1.0" encoding="UTF-8"?>
<testng-results ignored="0" total="11" passed="11" failed="0" skipped="0">
  <reporter-output>
  </reporter-output>
  <suite started-at="2024-08-17T22:31:32 IST" name="ApiTestSuite" finished-at="2024-08-17T22:31:38 IST" duration-ms="5553">
    <groups>
      <group name="api">
        <method signature="ArtistTests.getArtistTest(java.lang.String)[pri:0, instance:com.spotify.api.tests.ArtistTests@a776e]" name="getArtistTest" class="com.spotify.api.tests.ArtistTests"/>
        <method signature="ArtistTests.getMultipleArtistsTest(java.util.List)[pri:0, instance:com.spotify.api.tests.ArtistTests@a776e]" name="getMultipleArtistsTest" class="com.spotify.api.tests.ArtistTests"/>
        <method signature="PlaylistTests.addTracksToPlaylistTest(java.lang.String)[pri:0, instance:com.spotify.api.tests.PlaylistTests@792bbc74]" name="addTracksToPlaylistTest" class="com.spotify.api.tests.PlaylistTests"/>
        <method signature="PlaylistTests.changePlaylistDetailsTest(java.lang.String)[pri:0, instance:com.spotify.api.tests.PlaylistTests@792bbc74]" name="changePlaylistDetailsTest" class="com.spotify.api.tests.PlaylistTests"/>
        <method signature="PlaylistTests.removeTracksFromPlaylistTest(java.lang.String)[pri:0, instance:com.spotify.api.tests.PlaylistTests@792bbc74]" name="removeTracksFromPlaylistTest" class="com.spotify.api.tests.PlaylistTests"/>
      </group> <!-- api -->
    </groups>
    <test started-at="2024-08-17T22:31:32 IST" name="APITest" finished-at="2024-08-17T22:31:38 IST" duration-ms="5553">
      <class name="com.spotify.api.tests.PlaylistTests">
        <test-method signature="addTracksToPlaylistTest(java.lang.String)[pri:0, instance:com.spotify.api.tests.PlaylistTests@792bbc74]" started-at="2024-08-17T22:31:32 IST" name="addTracksToPlaylistTest" data-provider="playlistIds" finished-at="2024-08-17T22:31:36 IST" duration-ms="3431" status="PASS">
          <params>
            <param index="0">
              <value>
                <![CDATA[2kksH47NRUdyGRzKUyrtMc]]>
              </value>
            </param>
          </params>
          <reporter-output>
          </reporter-output>
        </test-method> <!-- addTracksToPlaylistTest -->
        <test-method signature="addTracksToPlaylistTest(java.lang.String)[pri:0, instance:com.spotify.api.tests.PlaylistTests@792bbc74]" started-at="2024-08-17T22:31:36 IST" name="addTracksToPlaylistTest" data-provider="playlistIds" finished-at="2024-08-17T22:31:36 IST" duration-ms="288" status="PASS">
          <params>
            <param index="0">
              <value>
                <![CDATA[2y2FON76N3tjoxgn1a59Pv]]>
              </value>
            </param>
          </params>
          <reporter-output>
          </reporter-output>
        </test-method> <!-- addTracksToPlaylistTest -->
        <test-method signature="addTracksToPlaylistTest(java.lang.String)[pri:0, instance:com.spotify.api.tests.PlaylistTests@792bbc74]" started-at="2024-08-17T22:31:36 IST" name="addTracksToPlaylistTest" data-provider="playlistIds" finished-at="2024-08-17T22:31:36 IST" duration-ms="306" status="PASS">
          <params>
            <param index="0">
              <value>
                <![CDATA[2BOpAwR7MGzE09FFSA7ovU]]>
              </value>
            </param>
          </params>
          <reporter-output>
          </reporter-output>
        </test-method> <!-- addTracksToPlaylistTest -->
        <test-method signature="changePlaylistDetailsTest(java.lang.String)[pri:0, instance:com.spotify.api.tests.PlaylistTests@792bbc74]" started-at="2024-08-17T22:31:36 IST" name="changePlaylistDetailsTest" data-provider="playlistIdForChangeDetails" finished-at="2024-08-17T22:31:37 IST" duration-ms="242" status="PASS">
          <params>
            <param index="0">
              <value>
                <![CDATA[1IiPoqtRuyDvpheP2t7wFB]]>
              </value>
            </param>
          </params>
          <reporter-output>
          </reporter-output>
        </test-method> <!-- changePlaylistDetailsTest -->
        <test-method signature="removeTracksFromPlaylistTest(java.lang.String)[pri:0, instance:com.spotify.api.tests.PlaylistTests@792bbc74]" started-at="2024-08-17T22:31:37 IST" name="removeTracksFromPlaylistTest" data-provider="playlistIds" finished-at="2024-08-17T22:31:37 IST" duration-ms="294" status="PASS">
          <params>
            <param index="0">
              <value>
                <![CDATA[2kksH47NRUdyGRzKUyrtMc]]>
              </value>
            </param>
          </params>
          <reporter-output>
          </reporter-output>
        </test-method> <!-- removeTracksFromPlaylistTest -->
        <test-method signature="removeTracksFromPlaylistTest(java.lang.String)[pri:0, instance:com.spotify.api.tests.PlaylistTests@792bbc74]" started-at="2024-08-17T22:31:37 IST" name="removeTracksFromPlaylistTest" data-provider="playlistIds" finished-at="2024-08-17T22:31:37 IST" duration-ms="273" status="PASS">
          <params>
            <param index="0">
              <value>
                <![CDATA[2y2FON76N3tjoxgn1a59Pv]]>
              </value>
            </param>
          </params>
          <reporter-output>
          </reporter-output>
        </test-method> <!-- removeTracksFromPlaylistTest -->
        <test-method signature="removeTracksFromPlaylistTest(java.lang.String)[pri:0, instance:com.spotify.api.tests.PlaylistTests@792bbc74]" started-at="2024-08-17T22:31:37 IST" name="removeTracksFromPlaylistTest" data-provider="playlistIds" finished-at="2024-08-17T22:31:38 IST" duration-ms="314" status="PASS">
          <params>
            <param index="0">
              <value>
                <![CDATA[2BOpAwR7MGzE09FFSA7ovU]]>
              </value>
            </param>
          </params>
          <reporter-output>
          </reporter-output>
        </test-method> <!-- removeTracksFromPlaylistTest -->
      </class> <!-- com.spotify.api.tests.PlaylistTests -->
      <class name="com.spotify.api.tests.ArtistTests">
        <test-method signature="getArtistTest(java.lang.String)[pri:0, instance:com.spotify.api.tests.ArtistTests@a776e]" started-at="2024-08-17T22:31:32 IST" name="getArtistTest" data-provider="artistIds" finished-at="2024-08-17T22:31:36 IST" duration-ms="3407" status="PASS">
          <params>
            <param index="0">
              <value>
                <![CDATA[4zCH9qm4R2DADamUHMCa6O]]>
              </value>
            </param>
          </params>
          <reporter-output>
          </reporter-output>
        </test-method> <!-- getArtistTest -->
        <test-method signature="getArtistTest(java.lang.String)[pri:0, instance:com.spotify.api.tests.ArtistTests@a776e]" started-at="2024-08-17T22:31:36 IST" name="getArtistTest" data-provider="artistIds" finished-at="2024-08-17T22:31:36 IST" duration-ms="266" status="PASS">
          <params>
            <param index="0">
              <value>
                <![CDATA[1mYsTxnqsietFxj1OgoGbG]]>
              </value>
            </param>
          </params>
          <reporter-output>
          </reporter-output>
        </test-method> <!-- getArtistTest -->
        <test-method signature="getArtistTest(java.lang.String)[pri:0, instance:com.spotify.api.tests.ArtistTests@a776e]" started-at="2024-08-17T22:31:36 IST" name="getArtistTest" data-provider="artistIds" finished-at="2024-08-17T22:31:36 IST" duration-ms="224" status="PASS">
          <params>
            <param index="0">
              <value>
                <![CDATA[6AiX12wXdXFoGJ2vk8zBjy]]>
              </value>
            </param>
          </params>
          <reporter-output>
          </reporter-output>
        </test-method> <!-- getArtistTest -->
        <test-method signature="getMultipleArtistsTest(java.util.List)[pri:0, instance:com.spotify.api.tests.ArtistTests@a776e]" started-at="2024-08-17T22:31:36 IST" name="getMultipleArtistsTest" data-provider="multipleArtistIds" finished-at="2024-08-17T22:31:37 IST" duration-ms="241" status="PASS">
          <params>
            <param index="0">
              <value>
                <![CDATA[[4zCH9qm4R2DADamUHMCa6O, 1mYsTxnqsietFxj1OgoGbG, 6AiX12wXdXFoGJ2vk8zBjy]]]>
              </value>
            </param>
          </params>
          <reporter-output>
          </reporter-output>
        </test-method> <!-- getMultipleArtistsTest -->
      </class> <!-- com.spotify.api.tests.ArtistTests -->
    </test> <!-- APITest -->
  </suite> <!-- ApiTestSuite -->
</testng-results>
