<?xml version="1.0" encoding="UTF-8"?>
<testng-results ignored="0" total="7" passed="5" failed="2" skipped="0">
  <reporter-output>
  </reporter-output>
  <suite started-at="2024-08-01T09:19:18 IST" name="Regression" finished-at="2024-08-01T09:20:10 IST" duration-ms="52281">
    <groups>
      <group name="regression">
        <method signature="AlbumTests.addAlbumToLibraryTest(java.lang.String,java.lang.String)[pri:0, instance:com.spotify.web.tests.AlbumTests@3c46e67a]" name="addAlbumToLibraryTest" class="com.spotify.web.tests.AlbumTests"/>
        <method signature="AlbumTests.removeAlbumFromLibraryTest(java.lang.String,java.lang.String)[pri:0, instance:com.spotify.web.tests.AlbumTests@3c46e67a]" name="removeAlbumFromLibraryTest" class="com.spotify.web.tests.AlbumTests"/>
        <method signature="LibraryTests.createNewPlaylistInLibraryTest()[pri:0, instance:com.spotify.web.tests.LibraryTests@6c6cb480]" name="createNewPlaylistInLibraryTest" class="com.spotify.web.tests.LibraryTests"/>
        <method signature="SearchTests.verifyTrackIsDisplayedInSearchResults_WhenTrackIsSearched(java.lang.String,java.lang.String)[pri:0, instance:com.spotify.web.tests.SearchTests@4d5d943d]" name="verifyTrackIsDisplayedInSearchResults_WhenTrackIsSearched" class="com.spotify.web.tests.SearchTests"/>
      </group> <!-- regression -->
      <group name="smoke">
        <method signature="AlbumTests.addAlbumToLibraryTest(java.lang.String,java.lang.String)[pri:0, instance:com.spotify.web.tests.AlbumTests@3c46e67a]" name="addAlbumToLibraryTest" class="com.spotify.web.tests.AlbumTests"/>
        <method signature="AlbumTests.removeAlbumFromLibraryTest(java.lang.String,java.lang.String)[pri:0, instance:com.spotify.web.tests.AlbumTests@3c46e67a]" name="removeAlbumFromLibraryTest" class="com.spotify.web.tests.AlbumTests"/>
        <method signature="LibraryTests.createNewPlaylistInLibraryTest()[pri:0, instance:com.spotify.web.tests.LibraryTests@6c6cb480]" name="createNewPlaylistInLibraryTest" class="com.spotify.web.tests.LibraryTests"/>
        <method signature="SearchTests.verifyTrackIsDisplayedInSearchResults_WhenTrackIsSearched(java.lang.String,java.lang.String)[pri:0, instance:com.spotify.web.tests.SearchTests@4d5d943d]" name="verifyTrackIsDisplayedInSearchResults_WhenTrackIsSearched" class="com.spotify.web.tests.SearchTests"/>
      </group> <!-- smoke -->
    </groups>
    <test started-at="2024-08-01T09:19:18 IST" name="Test" finished-at="2024-08-01T09:20:10 IST" duration-ms="52281">
      <class name="com.spotify.web.tests.SearchTests">
        <test-method is-config="true" signature="setUp(java.lang.reflect.Method)[pri:0, instance:com.spotify.web.tests.SearchTests@4d5d943d]" started-at="2024-08-01T09:19:19 IST" name="setUp" finished-at="2024-08-01T09:19:21 IST" duration-ms="1763" status="PASS">
          <params>
            <param index="0">
              <value>
                <![CDATA[public void com.spotify.web.tests.SearchTests.verifyTrackIsDisplayedInSearchResults_WhenTrackIsSearched(java.lang.String,java.lang.String)]]>
              </value>
            </param>
          </params>
          <reporter-output>
          </reporter-output>
        </test-method> <!-- setUp -->
        <test-method signature="verifyTrackIsDisplayedInSearchResults_WhenTrackIsSearched(java.lang.String,java.lang.String)[pri:0, instance:com.spotify.web.tests.SearchTests@4d5d943d]" started-at="2024-08-01T09:19:21 IST" name="verifyTrackIsDisplayedInSearchResults_WhenTrackIsSearched" data-provider="getTracksTestData" finished-at="2024-08-01T09:19:32 IST" duration-ms="11524" status="PASS">
          <params>
            <param index="0">
              <value>
                <![CDATA[Vaathi Coming]]>
              </value>
            </param>
            <param index="1">
              <value>
                <![CDATA[Anirudh Ravichander]]>
              </value>
            </param>
          </params>
          <reporter-output>
          </reporter-output>
        </test-method> <!-- verifyTrackIsDisplayedInSearchResults_WhenTrackIsSearched -->
        <test-method is-config="true" signature="tearDown(org.testng.ITestResult)[pri:0, instance:com.spotify.web.tests.SearchTests@4d5d943d]" started-at="2024-08-01T09:19:32 IST" name="tearDown" finished-at="2024-08-01T09:19:33 IST" duration-ms="182" status="PASS">
          <params>
            <param index="0">
              <value>
                <![CDATA[[TestResult name=verifyTrackIsDisplayedInSearchResults_WhenTrackIsSearched status=SUCCESS method=SearchTests.verifyTrackIsDisplayedInSearchResults_WhenTrackIsSearched(java.lang.String,java.lang.String)[pri:0, instance:com.spotify.web.tests.SearchTests@4d5d943d] output={null}]]]>
              </value>
            </param>
          </params>
          <reporter-output>
          </reporter-output>
        </test-method> <!-- tearDown -->
        <test-method is-config="true" signature="setUp(java.lang.reflect.Method)[pri:0, instance:com.spotify.web.tests.SearchTests@4d5d943d]" started-at="2024-08-01T09:19:33 IST" name="setUp" finished-at="2024-08-01T09:19:34 IST" duration-ms="1147" status="PASS">
          <params>
            <param index="0">
              <value>
                <![CDATA[public void com.spotify.web.tests.SearchTests.verifyTrackIsDisplayedInSearchResults_WhenTrackIsSearched(java.lang.String,java.lang.String)]]>
              </value>
            </param>
          </params>
          <reporter-output>
          </reporter-output>
        </test-method> <!-- setUp -->
        <test-method signature="verifyTrackIsDisplayedInSearchResults_WhenTrackIsSearched(java.lang.String,java.lang.String)[pri:0, instance:com.spotify.web.tests.SearchTests@4d5d943d]" started-at="2024-08-01T09:19:34 IST" name="verifyTrackIsDisplayedInSearchResults_WhenTrackIsSearched" data-provider="getTracksTestData" finished-at="2024-08-01T09:19:45 IST" duration-ms="11016" status="PASS">
          <params>
            <param index="0">
              <value>
                <![CDATA[Ordinary Person]]>
              </value>
            </param>
            <param index="1">
              <value>
                <![CDATA[Anirudh Ravichander]]>
              </value>
            </param>
          </params>
          <reporter-output>
          </reporter-output>
        </test-method> <!-- verifyTrackIsDisplayedInSearchResults_WhenTrackIsSearched -->
        <test-method is-config="true" signature="tearDown(org.testng.ITestResult)[pri:0, instance:com.spotify.web.tests.SearchTests@4d5d943d]" started-at="2024-08-01T09:19:45 IST" name="tearDown" finished-at="2024-08-01T09:19:45 IST" duration-ms="165" status="PASS">
          <params>
            <param index="0">
              <value>
                <![CDATA[[TestResult name=verifyTrackIsDisplayedInSearchResults_WhenTrackIsSearched status=SUCCESS method=SearchTests.verifyTrackIsDisplayedInSearchResults_WhenTrackIsSearched(java.lang.String,java.lang.String)[pri:0, instance:com.spotify.web.tests.SearchTests@4d5d943d] output={null}]]]>
              </value>
            </param>
          </params>
          <reporter-output>
          </reporter-output>
        </test-method> <!-- tearDown -->
      </class> <!-- com.spotify.web.tests.SearchTests -->
      <class name="com.spotify.web.tests.AlbumTests">
        <test-method is-config="true" signature="setUp(java.lang.reflect.Method)[pri:0, instance:com.spotify.web.tests.AlbumTests@3c46e67a]" started-at="2024-08-01T09:19:19 IST" name="setUp" finished-at="2024-08-01T09:19:28 IST" duration-ms="9175" status="PASS">
          <params>
            <param index="0">
              <value>
                <![CDATA[public void com.spotify.web.tests.AlbumTests.addAlbumToLibraryTest(java.lang.String,java.lang.String)]]>
              </value>
            </param>
          </params>
          <reporter-output>
          </reporter-output>
        </test-method> <!-- setUp -->
        <test-method signature="addAlbumToLibraryTest(java.lang.String,java.lang.String)[pri:0, instance:com.spotify.web.tests.AlbumTests@3c46e67a]" started-at="2024-08-01T09:19:28 IST" name="addAlbumToLibraryTest" data-provider="getAlbumsTestData" finished-at="2024-08-01T09:19:33 IST" duration-ms="4584" status="FAIL">
          <params>
            <param index="0">
              <value>
                <![CDATA[354TJOapvmkc4JCxi9vJHh]]>
              </value>
            </param>
            <param index="1">
              <value>
                <![CDATA[Dangal]]>
              </value>
            </param>
          </params>
          <exception class="java.lang.AssertionError">
            <message>
              <![CDATA[expected [true] but found [false]]]>
            </message>
            <full-stacktrace>
              <![CDATA[java.lang.AssertionError: expected [true] but found [false]
at org.testng.Assert.fail(Assert.java:111)
at org.testng.Assert.failNotEquals(Assert.java:1578)
at org.testng.Assert.assertTrue(Assert.java:57)
at org.testng.Assert.assertTrue(Assert.java:67)
at com.spotify.web.tests.AlbumTests.addAlbumToLibraryTest(AlbumTests.java:31)
at java.base/jdk.internal.reflect.NativeMethodAccessorImpl.invoke0(Native Method)
at java.base/jdk.internal.reflect.NativeMethodAccessorImpl.invoke(NativeMethodAccessorImpl.java:77)
at java.base/jdk.internal.reflect.DelegatingMethodAccessorImpl.invoke(DelegatingMethodAccessorImpl.java:43)
at java.base/java.lang.reflect.Method.invoke(Method.java:568)
at org.testng.internal.invokers.MethodInvocationHelper.invokeMethod(MethodInvocationHelper.java:141)
at org.testng.internal.invokers.TestInvoker.invokeMethod(TestInvoker.java:686)
at org.testng.internal.invokers.TestInvoker.invokeTestMethod(TestInvoker.java:230)
at org.testng.internal.invokers.MethodRunner.runInSequence(MethodRunner.java:63)
at org.testng.internal.invokers.TestInvoker$MethodInvocationAgent.invoke(TestInvoker.java:992)
at org.testng.internal.invokers.TestInvoker.invokeTestMethods(TestInvoker.java:203)
at org.testng.internal.invokers.TestMethodWorker.invokeTestMethods(TestMethodWorker.java:154)
at org.testng.internal.invokers.TestMethodWorker.run(TestMethodWorker.java:134)
at java.base/java.util.concurrent.Executors$RunnableAdapter.call(Executors.java:539)
at java.base/java.util.concurrent.FutureTask.run(FutureTask.java:264)
at org.testng.internal.thread.graph.TestNGFutureTask.run(TestNGFutureTask.java:22)
at java.base/java.util.concurrent.ThreadPoolExecutor.runWorker(ThreadPoolExecutor.java:1136)
at java.base/java.util.concurrent.ThreadPoolExecutor$Worker.run(ThreadPoolExecutor.java:635)
at java.base/java.lang.Thread.run(Thread.java:842)
]]>
            </full-stacktrace>
          </exception> <!-- java.lang.AssertionError -->
          <reporter-output>
          </reporter-output>
        </test-method> <!-- addAlbumToLibraryTest -->
        <test-method is-config="true" signature="tearDown(org.testng.ITestResult)[pri:0, instance:com.spotify.web.tests.AlbumTests@3c46e67a]" started-at="2024-08-01T09:19:33 IST" name="tearDown" finished-at="2024-08-01T09:19:34 IST" duration-ms="340" status="PASS">
          <params>
            <param index="0">
              <value>
                <![CDATA[[TestResult name=addAlbumToLibraryTest status=FAILURE method=AlbumTests.addAlbumToLibraryTest(java.lang.String,java.lang.String)[pri:0, instance:com.spotify.web.tests.AlbumTests@3c46e67a] output={null}]]]>
              </value>
            </param>
          </params>
          <reporter-output>
          </reporter-output>
        </test-method> <!-- tearDown -->
        <test-method is-config="true" signature="setUp(java.lang.reflect.Method)[pri:0, instance:com.spotify.web.tests.AlbumTests@3c46e67a]" started-at="2024-08-01T09:19:34 IST" name="setUp" finished-at="2024-08-01T09:19:41 IST" duration-ms="7589" status="PASS">
          <params>
            <param index="0">
              <value>
                <![CDATA[public void com.spotify.web.tests.AlbumTests.addAlbumToLibraryTest(java.lang.String,java.lang.String)]]>
              </value>
            </param>
          </params>
          <reporter-output>
          </reporter-output>
        </test-method> <!-- setUp -->
        <test-method signature="addAlbumToLibraryTest(java.lang.String,java.lang.String)[pri:0, instance:com.spotify.web.tests.AlbumTests@3c46e67a]" started-at="2024-08-01T09:19:41 IST" name="addAlbumToLibraryTest" data-provider="getAlbumsTestData" finished-at="2024-08-01T09:19:45 IST" duration-ms="3999" status="FAIL">
          <params>
            <param index="0">
              <value>
                <![CDATA[0EzDV9L2TAYuQNO5NVos5F]]>
              </value>
            </param>
            <param index="1">
              <value>
                <![CDATA[Billa]]>
              </value>
            </param>
          </params>
          <exception class="java.lang.AssertionError">
            <message>
              <![CDATA[expected [true] but found [false]]]>
            </message>
            <full-stacktrace>
              <![CDATA[java.lang.AssertionError: expected [true] but found [false]
at org.testng.Assert.fail(Assert.java:111)
at org.testng.Assert.failNotEquals(Assert.java:1578)
at org.testng.Assert.assertTrue(Assert.java:57)
at org.testng.Assert.assertTrue(Assert.java:67)
at com.spotify.web.tests.AlbumTests.addAlbumToLibraryTest(AlbumTests.java:31)
at java.base/jdk.internal.reflect.NativeMethodAccessorImpl.invoke0(Native Method)
at java.base/jdk.internal.reflect.NativeMethodAccessorImpl.invoke(NativeMethodAccessorImpl.java:77)
at java.base/jdk.internal.reflect.DelegatingMethodAccessorImpl.invoke(DelegatingMethodAccessorImpl.java:43)
at java.base/java.lang.reflect.Method.invoke(Method.java:568)
at org.testng.internal.invokers.MethodInvocationHelper.invokeMethod(MethodInvocationHelper.java:141)
at org.testng.internal.invokers.TestInvoker.invokeMethod(TestInvoker.java:686)
at org.testng.internal.invokers.TestInvoker.invokeTestMethod(TestInvoker.java:230)
at org.testng.internal.invokers.MethodRunner.runInSequence(MethodRunner.java:63)
at org.testng.internal.invokers.TestInvoker$MethodInvocationAgent.invoke(TestInvoker.java:992)
at org.testng.internal.invokers.TestInvoker.invokeTestMethods(TestInvoker.java:203)
at org.testng.internal.invokers.TestMethodWorker.invokeTestMethods(TestMethodWorker.java:154)
at org.testng.internal.invokers.TestMethodWorker.run(TestMethodWorker.java:134)
at java.base/java.util.concurrent.Executors$RunnableAdapter.call(Executors.java:539)
at java.base/java.util.concurrent.FutureTask.run(FutureTask.java:264)
at org.testng.internal.thread.graph.TestNGFutureTask.run(TestNGFutureTask.java:22)
at java.base/java.util.concurrent.ThreadPoolExecutor.runWorker(ThreadPoolExecutor.java:1136)
at java.base/java.util.concurrent.ThreadPoolExecutor$Worker.run(ThreadPoolExecutor.java:635)
at java.base/java.lang.Thread.run(Thread.java:842)
]]>
            </full-stacktrace>
          </exception> <!-- java.lang.AssertionError -->
          <reporter-output>
          </reporter-output>
        </test-method> <!-- addAlbumToLibraryTest -->
        <test-method is-config="true" signature="tearDown(org.testng.ITestResult)[pri:0, instance:com.spotify.web.tests.AlbumTests@3c46e67a]" started-at="2024-08-01T09:19:46 IST" name="tearDown" finished-at="2024-08-01T09:19:46 IST" duration-ms="184" status="PASS">
          <params>
            <param index="0">
              <value>
                <![CDATA[[TestResult name=addAlbumToLibraryTest status=FAILURE method=AlbumTests.addAlbumToLibraryTest(java.lang.String,java.lang.String)[pri:0, instance:com.spotify.web.tests.AlbumTests@3c46e67a] output={null}]]]>
              </value>
            </param>
          </params>
          <reporter-output>
          </reporter-output>
        </test-method> <!-- tearDown -->
        <test-method is-config="true" signature="setUp(java.lang.reflect.Method)[pri:0, instance:com.spotify.web.tests.AlbumTests@3c46e67a]" started-at="2024-08-01T09:19:46 IST" name="setUp" finished-at="2024-08-01T09:19:55 IST" duration-ms="9134" status="PASS">
          <params>
            <param index="0">
              <value>
                <![CDATA[public void com.spotify.web.tests.AlbumTests.removeAlbumFromLibraryTest(java.lang.String,java.lang.String)]]>
              </value>
            </param>
          </params>
          <reporter-output>
          </reporter-output>
        </test-method> <!-- setUp -->
        <test-method signature="removeAlbumFromLibraryTest(java.lang.String,java.lang.String)[pri:0, instance:com.spotify.web.tests.AlbumTests@3c46e67a]" started-at="2024-08-01T09:19:55 IST" name="removeAlbumFromLibraryTest" data-provider="getAlbumsTestData" finished-at="2024-08-01T09:19:58 IST" duration-ms="3160" status="PASS">
          <params>
            <param index="0">
              <value>
                <![CDATA[354TJOapvmkc4JCxi9vJHh]]>
              </value>
            </param>
            <param index="1">
              <value>
                <![CDATA[Dangal]]>
              </value>
            </param>
          </params>
          <reporter-output>
          </reporter-output>
        </test-method> <!-- removeAlbumFromLibraryTest -->
        <test-method is-config="true" signature="tearDown(org.testng.ITestResult)[pri:0, instance:com.spotify.web.tests.AlbumTests@3c46e67a]" started-at="2024-08-01T09:19:58 IST" name="tearDown" finished-at="2024-08-01T09:19:58 IST" duration-ms="184" status="PASS">
          <params>
            <param index="0">
              <value>
                <![CDATA[[TestResult name=removeAlbumFromLibraryTest status=SUCCESS method=AlbumTests.removeAlbumFromLibraryTest(java.lang.String,java.lang.String)[pri:0, instance:com.spotify.web.tests.AlbumTests@3c46e67a] output={null}]]]>
              </value>
            </param>
          </params>
          <reporter-output>
          </reporter-output>
        </test-method> <!-- tearDown -->
        <test-method is-config="true" signature="setUp(java.lang.reflect.Method)[pri:0, instance:com.spotify.web.tests.AlbumTests@3c46e67a]" started-at="2024-08-01T09:19:58 IST" name="setUp" finished-at="2024-08-01T09:20:07 IST" duration-ms="9013" status="PASS">
          <params>
            <param index="0">
              <value>
                <![CDATA[public void com.spotify.web.tests.AlbumTests.removeAlbumFromLibraryTest(java.lang.String,java.lang.String)]]>
              </value>
            </param>
          </params>
          <reporter-output>
          </reporter-output>
        </test-method> <!-- setUp -->
        <test-method signature="removeAlbumFromLibraryTest(java.lang.String,java.lang.String)[pri:0, instance:com.spotify.web.tests.AlbumTests@3c46e67a]" started-at="2024-08-01T09:20:07 IST" name="removeAlbumFromLibraryTest" data-provider="getAlbumsTestData" finished-at="2024-08-01T09:20:10 IST" duration-ms="3082" status="PASS">
          <params>
            <param index="0">
              <value>
                <![CDATA[0EzDV9L2TAYuQNO5NVos5F]]>
              </value>
            </param>
            <param index="1">
              <value>
                <![CDATA[Billa]]>
              </value>
            </param>
          </params>
          <reporter-output>
          </reporter-output>
        </test-method> <!-- removeAlbumFromLibraryTest -->
        <test-method is-config="true" signature="tearDown(org.testng.ITestResult)[pri:0, instance:com.spotify.web.tests.AlbumTests@3c46e67a]" started-at="2024-08-01T09:20:10 IST" name="tearDown" finished-at="2024-08-01T09:20:10 IST" duration-ms="186" status="PASS">
          <params>
            <param index="0">
              <value>
                <![CDATA[[TestResult name=removeAlbumFromLibraryTest status=SUCCESS method=AlbumTests.removeAlbumFromLibraryTest(java.lang.String,java.lang.String)[pri:0, instance:com.spotify.web.tests.AlbumTests@3c46e67a] output={null}]]]>
              </value>
            </param>
          </params>
          <reporter-output>
          </reporter-output>
        </test-method> <!-- tearDown -->
      </class> <!-- com.spotify.web.tests.AlbumTests -->
      <class name="com.spotify.web.tests.LibraryTests">
        <test-method is-config="true" signature="setUp(java.lang.reflect.Method)[pri:0, instance:com.spotify.web.tests.LibraryTests@6c6cb480]" started-at="2024-08-01T09:19:18 IST" name="setUp" finished-at="2024-08-01T09:19:34 IST" duration-ms="15358" status="PASS">
          <params>
            <param index="0">
              <value>
                <![CDATA[public void com.spotify.web.tests.LibraryTests.createNewPlaylistInLibraryTest() throws java.lang.InterruptedException]]>
              </value>
            </param>
          </params>
          <reporter-output>
          </reporter-output>
        </test-method> <!-- setUp -->
        <test-method signature="createNewPlaylistInLibraryTest()[pri:0, instance:com.spotify.web.tests.LibraryTests@6c6cb480]" started-at="2024-08-01T09:19:34 IST" name="createNewPlaylistInLibraryTest" finished-at="2024-08-01T09:19:39 IST" duration-ms="5055" status="PASS">
          <reporter-output>
          </reporter-output>
        </test-method> <!-- createNewPlaylistInLibraryTest -->
        <test-method is-config="true" signature="tearDown(org.testng.ITestResult)[pri:0, instance:com.spotify.web.tests.LibraryTests@6c6cb480]" started-at="2024-08-01T09:19:39 IST" name="tearDown" finished-at="2024-08-01T09:19:39 IST" duration-ms="240" status="PASS">
          <params>
            <param index="0">
              <value>
                <![CDATA[[TestResult name=createNewPlaylistInLibraryTest status=SUCCESS method=LibraryTests.createNewPlaylistInLibraryTest()[pri:0, instance:com.spotify.web.tests.LibraryTests@6c6cb480] output={null}]]]>
              </value>
            </param>
          </params>
          <reporter-output>
          </reporter-output>
        </test-method> <!-- tearDown -->
      </class> <!-- com.spotify.web.tests.LibraryTests -->
    </test> <!-- Test -->
  </suite> <!-- Regression -->
</testng-results>
