<?xml version="1.0" encoding="UTF-8"?>
<testng-results ignored="0" total="2" passed="2" failed="0" skipped="0">
  <reporter-output>
  </reporter-output>
  <suite started-at="2024-07-21T00:30:06 IST" name="Default suite" finished-at="2024-07-21T00:31:07 IST" duration-ms="61322">
    <groups>
    </groups>
    <test started-at="2024-07-21T00:30:06 IST" name="Default test" finished-at="2024-07-21T00:31:07 IST" duration-ms="61322">
      <class name="com.spotify.web.tests.AlbumTests">
        <test-method is-config="true" signature="setUp(java.lang.reflect.Method)[pri:0, instance:com.spotify.web.tests.AlbumTests@57bc27f5]" started-at="2024-07-21T00:30:06 IST" name="setUp" finished-at="2024-07-21T00:30:22 IST" duration-ms="16062" status="PASS">
          <params>
            <param index="0">
              <value>
                <![CDATA[public void com.spotify.web.tests.AlbumTests.RemoveAlbumFromLibraryTest() throws java.lang.InterruptedException]]>
              </value>
            </param>
          </params>
          <reporter-output>
          </reporter-output>
        </test-method> <!-- setUp -->
        <test-method signature="RemoveAlbumFromLibraryTest()[pri:0, instance:com.spotify.web.tests.AlbumTests@57bc27f5]" started-at="2024-07-21T00:30:22 IST" name="RemoveAlbumFromLibraryTest" finished-at="2024-07-21T00:30:39 IST" duration-ms="16299" status="PASS">
          <reporter-output>
          </reporter-output>
        </test-method> <!-- RemoveAlbumFromLibraryTest -->
        <test-method is-config="true" signature="tearDown()[pri:0, instance:com.spotify.web.tests.AlbumTests@57bc27f5]" started-at="2024-07-21T00:30:39 IST" name="tearDown" finished-at="2024-07-21T00:30:39 IST" duration-ms="433" status="PASS">
          <reporter-output>
          </reporter-output>
        </test-method> <!-- tearDown -->
        <test-method is-config="true" signature="setUp(java.lang.reflect.Method)[pri:0, instance:com.spotify.web.tests.AlbumTests@57bc27f5]" started-at="2024-07-21T00:30:39 IST" name="setUp" finished-at="2024-07-21T00:30:51 IST" duration-ms="11719" status="PASS">
          <params>
            <param index="0">
              <value>
                <![CDATA[public void com.spotify.web.tests.AlbumTests.addAlbumToLibraryTest() throws java.lang.InterruptedException]]>
              </value>
            </param>
          </params>
          <reporter-output>
          </reporter-output>
        </test-method> <!-- setUp -->
        <test-method signature="addAlbumToLibraryTest()[pri:0, instance:com.spotify.web.tests.AlbumTests@57bc27f5]" started-at="2024-07-21T00:30:51 IST" name="addAlbumToLibraryTest" finished-at="2024-07-21T00:31:07 IST" duration-ms="16296" status="PASS">
          <reporter-output>
          </reporter-output>
        </test-method> <!-- addAlbumToLibraryTest -->
        <test-method is-config="true" signature="tearDown()[pri:0, instance:com.spotify.web.tests.AlbumTests@57bc27f5]" started-at="2024-07-21T00:31:07 IST" name="tearDown" finished-at="2024-07-21T00:31:07 IST" duration-ms="317" status="PASS">
          <reporter-output>
          </reporter-output>
        </test-method> <!-- tearDown -->
      </class> <!-- com.spotify.web.tests.AlbumTests -->
    </test> <!-- Default test -->
  </suite> <!-- Default suite -->
</testng-results>
