<?xml version="1.0" encoding="UTF-8"?>
<testng-results ignored="0" total="3" passed="3" failed="0" skipped="0">
  <reporter-output>
  </reporter-output>
  <suite started-at="2024-07-24T11:56:31 IST" name="Regression" finished-at="2024-07-24T11:56:58 IST" duration-ms="27131">
    <groups>
      <group name="regression">
        <method signature="LibraryTests.createNewPlaylistInLibraryTest()[pri:0, instance:com.spotify.web.tests.LibraryTests@7d3e8655]" name="createNewPlaylistInLibraryTest" class="com.spotify.web.tests.LibraryTests"/>
        <method signature="SearchTests.searchedTrackInResultsTest(java.lang.String,java.lang.String)[pri:0, instance:com.spotify.web.tests.SearchTests@4d14b6c2]" name="searchedTrackInResultsTest" class="com.spotify.web.tests.SearchTests"/>
      </group> <!-- regression -->
      <group name="smoke">
        <method signature="LibraryTests.createNewPlaylistInLibraryTest()[pri:0, instance:com.spotify.web.tests.LibraryTests@7d3e8655]" name="createNewPlaylistInLibraryTest" class="com.spotify.web.tests.LibraryTests"/>
        <method signature="SearchTests.searchedTrackInResultsTest(java.lang.String,java.lang.String)[pri:0, instance:com.spotify.web.tests.SearchTests@4d14b6c2]" name="searchedTrackInResultsTest" class="com.spotify.web.tests.SearchTests"/>
      </group> <!-- smoke -->
    </groups>
    <test started-at="2024-07-24T11:56:31 IST" name="Test" finished-at="2024-07-24T11:56:58 IST" duration-ms="27131">
      <class name="com.spotify.web.tests.SearchTests">
        <test-method is-config="true" signature="setUp(java.lang.reflect.Method)[pri:0, instance:com.spotify.web.tests.SearchTests@4d14b6c2]" started-at="2024-07-24T11:56:32 IST" name="setUp" finished-at="2024-07-24T11:56:33 IST" duration-ms="1421" status="PASS">
          <params>
            <param index="0">
              <value>
                <![CDATA[public void com.spotify.web.tests.SearchTests.searchedTrackInResultsTest(java.lang.String,java.lang.String)]]>
              </value>
            </param>
          </params>
          <reporter-output>
          </reporter-output>
        </test-method> <!-- setUp -->
        <test-method signature="searchedTrackInResultsTest(java.lang.String,java.lang.String)[pri:0, instance:com.spotify.web.tests.SearchTests@4d14b6c2]" started-at="2024-07-24T11:56:33 IST" name="searchedTrackInResultsTest" data-provider="getTracksTestData" finished-at="2024-07-24T11:56:42 IST" duration-ms="8572" status="PASS">
          <params>
            <param index="0">
              <value>
                <![CDATA[Vaathi Coming]]>
              </value>
            </param>
            <param index="1">
              <value>
                <![CDATA[Anirudh Ravichander]]>
              </value>
            </param>
          </params>
          <reporter-output>
          </reporter-output>
        </test-method> <!-- searchedTrackInResultsTest -->
        <test-method is-config="true" signature="tearDown(org.testng.ITestResult)[pri:0, instance:com.spotify.web.tests.SearchTests@4d14b6c2]" started-at="2024-07-24T11:56:42 IST" name="tearDown" finished-at="2024-07-24T11:56:42 IST" duration-ms="182" status="PASS">
          <params>
            <param index="0">
              <value>
                <![CDATA[[TestResult name=searchedTrackInResultsTest status=SUCCESS method=SearchTests.searchedTrackInResultsTest(java.lang.String,java.lang.String)[pri:0, instance:com.spotify.web.tests.SearchTests@4d14b6c2] output={null}]]]>
              </value>
            </param>
          </params>
          <reporter-output>
          </reporter-output>
        </test-method> <!-- tearDown -->
        <test-method is-config="true" signature="setUp(java.lang.reflect.Method)[pri:0, instance:com.spotify.web.tests.SearchTests@4d14b6c2]" started-at="2024-07-24T11:56:42 IST" name="setUp" finished-at="2024-07-24T11:56:43 IST" duration-ms="1042" status="PASS">
          <params>
            <param index="0">
              <value>
                <![CDATA[public void com.spotify.web.tests.SearchTests.searchedTrackInResultsTest(java.lang.String,java.lang.String)]]>
              </value>
            </param>
          </params>
          <reporter-output>
          </reporter-output>
        </test-method> <!-- setUp -->
        <test-method signature="searchedTrackInResultsTest(java.lang.String,java.lang.String)[pri:0, instance:com.spotify.web.tests.SearchTests@4d14b6c2]" started-at="2024-07-24T11:56:43 IST" name="searchedTrackInResultsTest" data-provider="getTracksTestData" finished-at="2024-07-24T11:56:58 IST" duration-ms="14911" status="PASS">
          <params>
            <param index="0">
              <value>
                <![CDATA[Ordinary Person]]>
              </value>
            </param>
            <param index="1">
              <value>
                <![CDATA[Anirudh Ravichander]]>
              </value>
            </param>
          </params>
          <reporter-output>
          </reporter-output>
        </test-method> <!-- searchedTrackInResultsTest -->
        <test-method is-config="true" signature="tearDown(org.testng.ITestResult)[pri:0, instance:com.spotify.web.tests.SearchTests@4d14b6c2]" started-at="2024-07-24T11:56:58 IST" name="tearDown" finished-at="2024-07-24T11:56:58 IST" duration-ms="219" status="PASS">
          <params>
            <param index="0">
              <value>
                <![CDATA[[TestResult name=searchedTrackInResultsTest status=SUCCESS method=SearchTests.searchedTrackInResultsTest(java.lang.String,java.lang.String)[pri:0, instance:com.spotify.web.tests.SearchTests@4d14b6c2] output={null}]]]>
              </value>
            </param>
          </params>
          <reporter-output>
          </reporter-output>
        </test-method> <!-- tearDown -->
      </class> <!-- com.spotify.web.tests.SearchTests -->
      <class name="com.spotify.web.tests.LibraryTests">
        <test-method is-config="true" signature="setUp(java.lang.reflect.Method)[pri:0, instance:com.spotify.web.tests.LibraryTests@7d3e8655]" started-at="2024-07-24T11:56:31 IST" name="setUp" finished-at="2024-07-24T11:56:44 IST" duration-ms="12628" status="PASS">
          <params>
            <param index="0">
              <value>
                <![CDATA[public void com.spotify.web.tests.LibraryTests.createNewPlaylistInLibraryTest() throws java.lang.InterruptedException]]>
              </value>
            </param>
          </params>
          <reporter-output>
          </reporter-output>
        </test-method> <!-- setUp -->
        <test-method signature="createNewPlaylistInLibraryTest()[pri:0, instance:com.spotify.web.tests.LibraryTests@7d3e8655]" started-at="2024-07-24T11:56:44 IST" name="createNewPlaylistInLibraryTest" finished-at="2024-07-24T11:56:49 IST" duration-ms="4941" status="PASS">
          <reporter-output>
          </reporter-output>
        </test-method> <!-- createNewPlaylistInLibraryTest -->
        <test-method is-config="true" signature="tearDown(org.testng.ITestResult)[pri:0, instance:com.spotify.web.tests.LibraryTests@7d3e8655]" started-at="2024-07-24T11:56:49 IST" name="tearDown" finished-at="2024-07-24T11:56:49 IST" duration-ms="216" status="PASS">
          <params>
            <param index="0">
              <value>
                <![CDATA[[TestResult name=createNewPlaylistInLibraryTest status=SUCCESS method=LibraryTests.createNewPlaylistInLibraryTest()[pri:0, instance:com.spotify.web.tests.LibraryTests@7d3e8655] output={null}]]]>
              </value>
            </param>
          </params>
          <reporter-output>
          </reporter-output>
        </test-method> <!-- tearDown -->
      </class> <!-- com.spotify.web.tests.LibraryTests -->
    </test> <!-- Test -->
  </suite> <!-- Regression -->
</testng-results>
